mode: set
github.com/cortexa-llc/ai-pack/internal/claude/settings.go:24.58,29.16 3 0
github.com/cortexa-llc/ai-pack/internal/claude/settings.go:29.16,31.70 2 0
github.com/cortexa-llc/ai-pack/internal/claude/settings.go:31.70,33.4 1 0
github.com/cortexa-llc/ai-pack/internal/claude/settings.go:37.2,37.23 1 0
github.com/cortexa-llc/ai-pack/internal/claude/settings.go:37.23,39.72 2 0
github.com/cortexa-llc/ai-pack/internal/claude/settings.go:39.72,41.4 1 0
github.com/cortexa-llc/ai-pack/internal/claude/settings.go:44.2,44.20 1 0
github.com/cortexa-llc/ai-pack/internal/claude/settings.go:48.55,50.16 2 0
github.com/cortexa-llc/ai-pack/internal/claude/settings.go:50.16,52.3 1 0
github.com/cortexa-llc/ai-pack/internal/claude/settings.go:54.2,55.56 2 0
github.com/cortexa-llc/ai-pack/internal/claude/settings.go:55.56,57.3 1 0
github.com/cortexa-llc/ai-pack/internal/claude/settings.go:59.2,59.23 1 0
github.com/cortexa-llc/ai-pack/internal/claude/settings.go:63.56,72.44 5 0
github.com/cortexa-llc/ai-pack/internal/claude/settings.go:72.44,74.3 1 0
github.com/cortexa-llc/ai-pack/internal/claude/settings.go:74.8,76.3 1 0
github.com/cortexa-llc/ai-pack/internal/claude/settings.go:78.2,78.15 1 0
github.com/cortexa-llc/ai-pack/internal/claude/settings.go:82.88,84.35 1 0
github.com/cortexa-llc/ai-pack/internal/claude/settings.go:84.35,87.3 2 0
github.com/cortexa-llc/ai-pack/internal/claude/settings.go:88.2,91.45 2 0
github.com/cortexa-llc/ai-pack/internal/claude/settings.go:91.45,92.52 1 0
github.com/cortexa-llc/ai-pack/internal/claude/settings.go:92.52,94.4 1 0
github.com/cortexa-llc/ai-pack/internal/claude/settings.go:98.2,98.17 1 0
github.com/cortexa-llc/ai-pack/internal/claude/settings.go:103.64,108.41 3 0
github.com/cortexa-llc/ai-pack/internal/claude/settings.go:108.41,110.3 1 0
github.com/cortexa-llc/ai-pack/internal/claude/settings.go:112.2,116.43 3 0
github.com/cortexa-llc/ai-pack/internal/claude/settings.go:116.43,118.3 1 0
github.com/cortexa-llc/ai-pack/internal/claude/settings.go:121.2,121.38 1 0
github.com/cortexa-llc/ai-pack/internal/claude/settings.go:121.38,123.43 1 0
github.com/cortexa-llc/ai-pack/internal/claude/settings.go:123.43,126.4 2 0
github.com/cortexa-llc/ai-pack/internal/claude/settings.go:128.3,128.29 1 0
github.com/cortexa-llc/ai-pack/internal/claude/settings.go:132.2,132.46 1 0
github.com/cortexa-llc/ai-pack/internal/claude/settings.go:135.46,136.38 1 0
github.com/cortexa-llc/ai-pack/internal/claude/settings.go:136.38,139.3 2 0
github.com/cortexa-llc/ai-pack/internal/claude/settings.go:140.2,140.32 1 0
github.com/cortexa-llc/ai-pack/internal/claude/settings.go:143.57,145.37 2 0
github.com/cortexa-llc/ai-pack/internal/claude/settings.go:145.37,147.3 1 0
github.com/cortexa-llc/ai-pack/internal/claude/settings.go:148.2,148.33 1 0
github.com/cortexa-llc/ai-pack/internal/claude/settings.go:148.33,149.21 1 0
github.com/cortexa-llc/ai-pack/internal/claude/settings.go:149.21,150.46 1 0
github.com/cortexa-llc/ai-pack/internal/claude/settings.go:150.46,152.5 1 0
github.com/cortexa-llc/ai-pack/internal/claude/settings.go:155.2,155.14 1 0
github.com/cortexa-llc/ai-pack/internal/claude/settings.go:160.52,164.21 3 0
github.com/cortexa-llc/ai-pack/internal/claude/settings.go:164.21,166.3 1 0
github.com/cortexa-llc/ai-pack/internal/claude/settings.go:168.2,168.39 1 0
github.com/cortexa-llc/ai-pack/internal/claude/settings.go:168.39,170.3 1 0
github.com/cortexa-llc/ai-pack/internal/claude/settings.go:172.2,172.36 1 0
github.com/cortexa-llc/ai-pack/internal/claude/settings.go:172.36,174.3 1 0
github.com/cortexa-llc/ai-pack/internal/claude/settings.go:176.2,176.36 1 0
github.com/cortexa-llc/ai-pack/internal/claude/settings.go:176.36,178.3 1 0
github.com/cortexa-llc/ai-pack/internal/claude/settings.go:180.2,180.14 1 0
github.com/cortexa-llc/ai-pack/internal/claude/settings.go:184.46,188.21 2 0
github.com/cortexa-llc/ai-pack/internal/claude/settings.go:188.21,190.3 1 0
github.com/cortexa-llc/ai-pack/internal/claude/settings.go:193.2,193.39 1 0
github.com/cortexa-llc/ai-pack/internal/claude/settings.go:193.39,195.3 1 0
github.com/cortexa-llc/ai-pack/internal/claude/settings.go:196.2,199.50 2 0
github.com/cortexa-llc/ai-pack/internal/claude/settings.go:199.50,201.3 1 0
github.com/cortexa-llc/ai-pack/internal/claude/settings.go:202.2,205.36 2 0
github.com/cortexa-llc/ai-pack/internal/claude/settings.go:205.36,207.16 2 0
github.com/cortexa-llc/ai-pack/internal/claude/settings.go:207.16,209.4 1 0
github.com/cortexa-llc/ai-pack/internal/claude/settings.go:210.3,210.32 1 0
github.com/cortexa-llc/ai-pack/internal/claude/settings.go:213.2,213.13 1 0
github.com/cortexa-llc/ai-pack/internal/execution_log/execution_log.go:42.61,45.16 2 0
github.com/cortexa-llc/ai-pack/internal/execution_log/execution_log.go:45.16,47.3 1 0
github.com/cortexa-llc/ai-pack/internal/execution_log/execution_log.go:49.2,50.50 2 0
github.com/cortexa-llc/ai-pack/internal/execution_log/execution_log.go:50.50,52.3 1 0
github.com/cortexa-llc/ai-pack/internal/execution_log/execution_log.go:54.2,58.8 2 0
github.com/cortexa-llc/ai-pack/internal/execution_log/execution_log.go:62.63,68.16 4 0
github.com/cortexa-llc/ai-pack/internal/execution_log/execution_log.go:68.16,70.3 1 0
github.com/cortexa-llc/ai-pack/internal/execution_log/execution_log.go:71.2,74.30 2 0
github.com/cortexa-llc/ai-pack/internal/execution_log/execution_log.go:74.30,76.3 1 0
github.com/cortexa-llc/ai-pack/internal/execution_log/execution_log.go:79.2,80.16 2 0
github.com/cortexa-llc/ai-pack/internal/execution_log/execution_log.go:80.16,82.3 1 0
github.com/cortexa-llc/ai-pack/internal/execution_log/execution_log.go:85.2,85.55 1 0
github.com/cortexa-llc/ai-pack/internal/execution_log/execution_log.go:85.55,87.3 1 0
github.com/cortexa-llc/ai-pack/internal/execution_log/execution_log.go:89.2,89.12 1 0
github.com/cortexa-llc/ai-pack/internal/execution_log/execution_log.go:93.102,102.2 1 0
github.com/cortexa-llc/ai-pack/internal/execution_log/execution_log.go:105.57,111.2 1 0
github.com/cortexa-llc/ai-pack/internal/execution_log/execution_log.go:114.92,122.2 1 0
github.com/cortexa-llc/ai-pack/internal/execution_log/execution_log.go:125.91,133.2 1 0
github.com/cortexa-llc/ai-pack/internal/execution_log/execution_log.go:136.77,143.2 1 0
github.com/cortexa-llc/ai-pack/internal/execution_log/execution_log.go:146.79,151.55 3 0
github.com/cortexa-llc/ai-pack/internal/execution_log/execution_log.go:151.55,153.3 1 0
github.com/cortexa-llc/ai-pack/internal/execution_log/execution_log.go:156.2,157.16 2 0
github.com/cortexa-llc/ai-pack/internal/execution_log/execution_log.go:157.16,159.3 1 0
github.com/cortexa-llc/ai-pack/internal/execution_log/execution_log.go:162.2,165.29 3 0
github.com/cortexa-llc/ai-pack/internal/execution_log/execution_log.go:165.29,166.21 1 0
github.com/cortexa-llc/ai-pack/internal/execution_log/execution_log.go:166.21,167.12 1 0
github.com/cortexa-llc/ai-pack/internal/execution_log/execution_log.go:170.3,171.54 2 0
github.com/cortexa-llc/ai-pack/internal/execution_log/execution_log.go:171.54,173.12 1 0
github.com/cortexa-llc/ai-pack/internal/execution_log/execution_log.go:176.3,176.34 1 0
github.com/cortexa-llc/ai-pack/internal/execution_log/execution_log.go:180.2,180.38 1 0
github.com/cortexa-llc/ai-pack/internal/execution_log/execution_log.go:180.38,182.3 1 0
github.com/cortexa-llc/ai-pack/internal/execution_log/execution_log.go:184.2,184.20 1 0
github.com/cortexa-llc/ai-pack/internal/execution_log/execution_log.go:188.84,190.16 2 0
github.com/cortexa-llc/ai-pack/internal/execution_log/execution_log.go:190.16,192.3 1 0
github.com/cortexa-llc/ai-pack/internal/execution_log/execution_log.go:194.2,195.34 2 0
github.com/cortexa-llc/ai-pack/internal/execution_log/execution_log.go:195.34,196.35 1 0
github.com/cortexa-llc/ai-pack/internal/execution_log/execution_log.go:196.35,198.4 1 0
github.com/cortexa-llc/ai-pack/internal/execution_log/execution_log.go:201.2,201.22 1 0
github.com/cortexa-llc/ai-pack/internal/execution_log/execution_log.go:205.85,207.16 2 0
github.com/cortexa-llc/ai-pack/internal/execution_log/execution_log.go:207.16,209.3 1 0
github.com/cortexa-llc/ai-pack/internal/execution_log/execution_log.go:211.2,212.34 2 0
github.com/cortexa-llc/ai-pack/internal/execution_log/execution_log.go:212.34,213.29 1 0
github.com/cortexa-llc/ai-pack/internal/execution_log/execution_log.go:213.29,215.4 1 0
github.com/cortexa-llc/ai-pack/internal/execution_log/execution_log.go:218.2,218.22 1 0
github.com/cortexa-llc/ai-pack/internal/execution_log/execution_log.go:222.75,224.16 2 0
github.com/cortexa-llc/ai-pack/internal/execution_log/execution_log.go:224.16,226.3 1 0
github.com/cortexa-llc/ai-pack/internal/execution_log/execution_log.go:229.2,231.31 2 0
github.com/cortexa-llc/ai-pack/internal/execution_log/execution_log.go:231.31,233.14 2 0
github.com/cortexa-llc/ai-pack/internal/execution_log/execution_log.go:233.14,243.4 2 0
github.com/cortexa-llc/ai-pack/internal/execution_log/execution_log.go:246.3,246.45 1 0
github.com/cortexa-llc/ai-pack/internal/execution_log/execution_log.go:246.45,250.25 3 0
github.com/cortexa-llc/ai-pack/internal/execution_log/execution_log.go:250.25,252.5 1 0
github.com/cortexa-llc/ai-pack/internal/execution_log/execution_log.go:253.4,253.28 1 0
github.com/cortexa-llc/ai-pack/internal/execution_log/execution_log.go:253.28,255.5 1 0
github.com/cortexa-llc/ai-pack/internal/execution_log/execution_log.go:256.4,256.26 1 0
github.com/cortexa-llc/ai-pack/internal/execution_log/execution_log.go:256.26,258.5 1 0
github.com/cortexa-llc/ai-pack/internal/execution_log/execution_log.go:262.3,262.59 1 0
github.com/cortexa-llc/ai-pack/internal/execution_log/execution_log.go:266.2,267.34 2 0
github.com/cortexa-llc/ai-pack/internal/execution_log/execution_log.go:267.34,269.3 1 0
github.com/cortexa-llc/ai-pack/internal/execution_log/execution_log.go:272.2,275.41 2 0
github.com/cortexa-llc/ai-pack/internal/execution_log/execution_log.go:275.41,277.3 1 0
github.com/cortexa-llc/ai-pack/internal/execution_log/execution_log.go:279.2,279.23 1 0
github.com/cortexa-llc/ai-pack/internal/execution_log/execution_log.go:298.39,301.25 3 0
github.com/cortexa-llc/ai-pack/internal/execution_log/execution_log.go:301.25,302.16 1 0
github.com/cortexa-llc/ai-pack/internal/execution_log/execution_log.go:302.16,303.17 1 0
github.com/cortexa-llc/ai-pack/internal/execution_log/execution_log.go:303.17,305.5 1 0
github.com/cortexa-llc/ai-pack/internal/execution_log/execution_log.go:306.4,306.17 1 0
github.com/cortexa-llc/ai-pack/internal/execution_log/execution_log.go:309.2,309.23 1 0
github.com/cortexa-llc/ai-pack/internal/execution_log/execution_log.go:309.23,311.3 1 0
github.com/cortexa-llc/ai-pack/internal/execution_log/execution_log.go:312.2,312.14 1 0
github.com/cortexa-llc/ai-pack/internal/execution_log/execution_log.go:315.50,318.27 2 0
github.com/cortexa-llc/ai-pack/internal/execution_log/execution_log.go:318.27,319.30 1 0
github.com/cortexa-llc/ai-pack/internal/execution_log/execution_log.go:319.30,320.59 1 0
github.com/cortexa-llc/ai-pack/internal/execution_log/execution_log.go:320.59,322.5 1 0
github.com/cortexa-llc/ai-pack/internal/config/config.go:141.30,200.2 1 1
github.com/cortexa-llc/ai-pack/internal/config/config.go:210.53,214.39 2 1
github.com/cortexa-llc/ai-pack/internal/config/config.go:214.39,216.17 2 1
github.com/cortexa-llc/ai-pack/internal/config/config.go:216.17,217.26 1 1
github.com/cortexa-llc/ai-pack/internal/config/config.go:217.26,219.5 1 1
github.com/cortexa-llc/ai-pack/internal/config/config.go:220.4,220.69 1 0
github.com/cortexa-llc/ai-pack/internal/config/config.go:222.3,222.51 1 1
github.com/cortexa-llc/ai-pack/internal/config/config.go:222.51,224.4 1 1
github.com/cortexa-llc/ai-pack/internal/config/config.go:225.3,225.13 1 1
github.com/cortexa-llc/ai-pack/internal/config/config.go:229.2,229.50 1 1
github.com/cortexa-llc/ai-pack/internal/config/config.go:229.50,231.3 1 1
github.com/cortexa-llc/ai-pack/internal/config/config.go:234.2,234.57 1 1
github.com/cortexa-llc/ai-pack/internal/config/config.go:234.57,236.3 1 0
github.com/cortexa-llc/ai-pack/internal/config/config.go:239.2,239.79 1 1
github.com/cortexa-llc/ai-pack/internal/config/config.go:239.79,240.49 1 1
github.com/cortexa-llc/ai-pack/internal/config/config.go:240.49,242.4 1 1
github.com/cortexa-llc/ai-pack/internal/config/config.go:246.2,248.17 2 1
github.com/cortexa-llc/ai-pack/internal/config/config.go:253.60,255.65 1 1
github.com/cortexa-llc/ai-pack/internal/config/config.go:255.65,257.3 1 1
github.com/cortexa-llc/ai-pack/internal/config/config.go:260.2,260.64 1 0
github.com/cortexa-llc/ai-pack/internal/config/config.go:260.64,261.45 1 0
github.com/cortexa-llc/ai-pack/internal/config/config.go:261.45,263.4 1 0
github.com/cortexa-llc/ai-pack/internal/config/config.go:267.2,267.11 1 0
github.com/cortexa-llc/ai-pack/internal/config/config.go:270.40,271.48 1 1
github.com/cortexa-llc/ai-pack/internal/config/config.go:271.48,273.3 1 1
github.com/cortexa-llc/ai-pack/internal/config/config.go:274.2,274.48 1 1
github.com/cortexa-llc/ai-pack/internal/config/config.go:274.48,275.49 1 1
github.com/cortexa-llc/ai-pack/internal/config/config.go:275.49,277.4 1 1
github.com/cortexa-llc/ai-pack/internal/config/config.go:279.2,279.58 1 1
github.com/cortexa-llc/ai-pack/internal/config/config.go:279.58,280.48 1 0
github.com/cortexa-llc/ai-pack/internal/config/config.go:280.48,283.4 2 0
github.com/cortexa-llc/ai-pack/internal/config/config.go:287.37,288.52 1 1
github.com/cortexa-llc/ai-pack/internal/config/config.go:288.52,290.3 1 0
github.com/cortexa-llc/ai-pack/internal/config/config.go:291.2,291.47 1 1
github.com/cortexa-llc/ai-pack/internal/config/config.go:291.47,292.51 1 0
github.com/cortexa-llc/ai-pack/internal/config/config.go:292.51,294.4 1 0
github.com/cortexa-llc/ai-pack/internal/config/config.go:296.2,296.45 1 1
github.com/cortexa-llc/ai-pack/internal/config/config.go:296.45,298.3 1 0
github.com/cortexa-llc/ai-pack/internal/config/config.go:299.2,299.55 1 1
github.com/cortexa-llc/ai-pack/internal/config/config.go:299.55,301.27 2 0
github.com/cortexa-llc/ai-pack/internal/config/config.go:301.27,303.4 1 0
github.com/cortexa-llc/ai-pack/internal/config/config.go:304.3,304.30 1 0
github.com/cortexa-llc/ai-pack/internal/config/config.go:308.41,309.46 1 1
github.com/cortexa-llc/ai-pack/internal/config/config.go:309.46,311.3 1 0
github.com/cortexa-llc/ai-pack/internal/config/config.go:312.2,312.47 1 1
github.com/cortexa-llc/ai-pack/internal/config/config.go:312.47,314.3 1 0
github.com/cortexa-llc/ai-pack/internal/config/config.go:318.37,322.2 3 1
github.com/cortexa-llc/ai-pack/internal/config/config.go:338.32,339.51 1 0
github.com/cortexa-llc/ai-pack/internal/config/config.go:339.51,341.3 1 0
github.com/cortexa-llc/ai-pack/internal/config/config.go:342.2,342.31 1 0
github.com/cortexa-llc/ai-pack/internal/config/config.go:342.31,346.17 2 0
github.com/cortexa-llc/ai-pack/internal/config/config.go:346.17,348.4 1 0
github.com/cortexa-llc/ai-pack/internal/config/config.go:349.3,349.48 1 0
github.com/cortexa-llc/ai-pack/internal/config/config.go:353.2,354.16 2 0
github.com/cortexa-llc/ai-pack/internal/config/config.go:354.16,356.3 1 0
github.com/cortexa-llc/ai-pack/internal/config/config.go:357.2,357.44 1 0
github.com/cortexa-llc/ai-pack/internal/config/config.go:361.55,363.16 2 0
github.com/cortexa-llc/ai-pack/internal/config/config.go:363.16,365.3 1 0
github.com/cortexa-llc/ai-pack/internal/config/config.go:367.2,367.61 1 0
github.com/cortexa-llc/ai-pack/internal/config/config.go:367.61,369.3 1 0
github.com/cortexa-llc/ai-pack/internal/config/config.go:371.2,371.12 1 0
github.com/cortexa-llc/ai-pack/internal/config/config.go:381.93,386.16 3 0
github.com/cortexa-llc/ai-pack/internal/config/config.go:386.16,388.52 2 0
github.com/cortexa-llc/ai-pack/internal/config/config.go:388.52,390.18 2 0
github.com/cortexa-llc/ai-pack/internal/config/config.go:390.18,394.63 2 0
github.com/cortexa-llc/ai-pack/internal/config/config.go:394.63,395.56 1 0
github.com/cortexa-llc/ai-pack/internal/config/config.go:395.56,397.7 1 0
github.com/cortexa-llc/ai-pack/internal/config/config.go:404.2,404.23 1 0
github.com/cortexa-llc/ai-pack/internal/config/config.go:404.23,406.49 2 0
github.com/cortexa-llc/ai-pack/internal/config/config.go:406.49,408.18 2 0
github.com/cortexa-llc/ai-pack/internal/config/config.go:408.18,412.60 2 0
github.com/cortexa-llc/ai-pack/internal/config/config.go:412.60,414.53 1 0
github.com/cortexa-llc/ai-pack/internal/config/config.go:414.53,416.7 1 0
github.com/cortexa-llc/ai-pack/internal/config/config.go:423.2,423.40 1 0
github.com/cortexa-llc/ai-pack/internal/config/config.go:423.40,425.3 1 0
github.com/cortexa-llc/ai-pack/internal/config/config.go:428.2,428.33 1 0
github.com/cortexa-llc/ai-pack/internal/config/config.go:428.33,430.43 2 0
github.com/cortexa-llc/ai-pack/internal/config/config.go:430.43,431.46 1 0
github.com/cortexa-llc/ai-pack/internal/config/config.go:431.46,433.5 1 0
github.com/cortexa-llc/ai-pack/internal/config/config.go:435.3,435.20 1 0
github.com/cortexa-llc/ai-pack/internal/config/config.go:438.2,438.20 1 0
github.com/cortexa-llc/ai-pack/internal/kgclient/preflight.go:13.118,14.23 1 0
github.com/cortexa-llc/ai-pack/internal/kgclient/preflight.go:14.23,17.3 2 0
github.com/cortexa-llc/ai-pack/internal/kgclient/preflight.go:18.2,25.16 5 0
github.com/cortexa-llc/ai-pack/internal/kgclient/preflight.go:25.16,28.3 2 0
github.com/cortexa-llc/ai-pack/internal/kgclient/preflight.go:29.2,29.47 1 0
github.com/cortexa-llc/ai-pack/internal/kgclient/preflight.go:29.47,32.3 2 0
github.com/cortexa-llc/ai-pack/internal/kgclient/preflight.go:34.2,35.36 2 0
github.com/cortexa-llc/ai-pack/internal/kgclient/preflight.go:35.36,36.41 1 0
github.com/cortexa-llc/ai-pack/internal/kgclient/preflight.go:36.41,38.4 1 0
github.com/cortexa-llc/ai-pack/internal/kgclient/preflight.go:40.2,40.14 1 0
github.com/cortexa-llc/ai-pack/internal/kgclient/preflight.go:40.14,43.3 2 0
github.com/cortexa-llc/ai-pack/internal/kgclient/preflight.go:44.2,45.11 2 0
github.com/cortexa-llc/ai-pack/internal/mcp/client.go:45.58,51.2 1 0
github.com/cortexa-llc/ai-pack/internal/mcp/client.go:54.51,60.39 3 0
github.com/cortexa-llc/ai-pack/internal/mcp/client.go:60.39,62.3 1 0
github.com/cortexa-llc/ai-pack/internal/mcp/client.go:65.2,66.16 2 0
github.com/cortexa-llc/ai-pack/internal/mcp/client.go:66.16,68.3 1 0
github.com/cortexa-llc/ai-pack/internal/mcp/client.go:69.2,72.16 3 0
github.com/cortexa-llc/ai-pack/internal/mcp/client.go:72.16,74.3 1 0
github.com/cortexa-llc/ai-pack/internal/mcp/client.go:75.2,81.38 3 0
github.com/cortexa-llc/ai-pack/internal/mcp/client.go:81.38,83.3 1 0
github.com/cortexa-llc/ai-pack/internal/mcp/client.go:86.2,90.42 3 0
github.com/cortexa-llc/ai-pack/internal/mcp/client.go:90.42,93.3 2 0
github.com/cortexa-llc/ai-pack/internal/mcp/client.go:96.2,96.41 1 0
github.com/cortexa-llc/ai-pack/internal/mcp/client.go:96.41,99.3 2 0
github.com/cortexa-llc/ai-pack/internal/mcp/client.go:101.2,102.12 2 0
github.com/cortexa-llc/ai-pack/internal/mcp/client.go:106.56,117.67 3 0
github.com/cortexa-llc/ai-pack/internal/mcp/client.go:117.67,119.3 1 0
github.com/cortexa-llc/ai-pack/internal/mcp/client.go:121.2,131.16 5 0
github.com/cortexa-llc/ai-pack/internal/mcp/client.go:131.16,133.3 1 0
github.com/cortexa-llc/ai-pack/internal/mcp/client.go:135.2,135.61 1 0
github.com/cortexa-llc/ai-pack/internal/mcp/client.go:135.61,137.3 1 0
github.com/cortexa-llc/ai-pack/internal/mcp/client.go:139.2,139.12 1 0
github.com/cortexa-llc/ai-pack/internal/mcp/client.go:143.55,145.64 2 0
github.com/cortexa-llc/ai-pack/internal/mcp/client.go:145.64,147.3 1 0
github.com/cortexa-llc/ai-pack/internal/mcp/client.go:149.2,150.12 2 0
github.com/cortexa-llc/ai-pack/internal/mcp/client.go:154.120,155.20 1 0
github.com/cortexa-llc/ai-pack/internal/mcp/client.go:155.20,157.3 1 0
github.com/cortexa-llc/ai-pack/internal/mcp/client.go:159.2,165.67 3 0
github.com/cortexa-llc/ai-pack/internal/mcp/client.go:165.67,167.3 1 0
github.com/cortexa-llc/ai-pack/internal/mcp/client.go:169.2,169.21 1 0
github.com/cortexa-llc/ai-pack/internal/mcp/client.go:173.36,175.2 1 0
github.com/cortexa-llc/ai-pack/internal/mcp/client.go:178.45,180.2 1 0
github.com/cortexa-llc/ai-pack/internal/mcp/client.go:183.105,194.15 6 0
github.com/cortexa-llc/ai-pack/internal/mcp/client.go:194.15,198.3 3 0
github.com/cortexa-llc/ai-pack/internal/mcp/client.go:201.2,210.16 3 0
github.com/cortexa-llc/ai-pack/internal/mcp/client.go:210.16,212.3 1 0
github.com/cortexa-llc/ai-pack/internal/mcp/client.go:215.2,215.28 1 0
github.com/cortexa-llc/ai-pack/internal/mcp/client.go:215.28,217.3 1 0
github.com/cortexa-llc/ai-pack/internal/mcp/client.go:219.2,219.61 1 0
github.com/cortexa-llc/ai-pack/internal/mcp/client.go:219.61,221.3 1 0
github.com/cortexa-llc/ai-pack/internal/mcp/client.go:224.2,224.9 1 0
github.com/cortexa-llc/ai-pack/internal/mcp/client.go:225.34,226.28 1 0
github.com/cortexa-llc/ai-pack/internal/mcp/client.go:226.28,228.4 1 0
github.com/cortexa-llc/ai-pack/internal/mcp/client.go:231.3,231.20 1 0
github.com/cortexa-llc/ai-pack/internal/mcp/client.go:231.20,233.18 2 0
github.com/cortexa-llc/ai-pack/internal/mcp/client.go:233.18,235.5 1 0
github.com/cortexa-llc/ai-pack/internal/mcp/client.go:237.4,237.61 1 0
github.com/cortexa-llc/ai-pack/internal/mcp/client.go:237.61,239.5 1 0
github.com/cortexa-llc/ai-pack/internal/mcp/client.go:242.3,242.13 1 0
github.com/cortexa-llc/ai-pack/internal/mcp/client.go:244.20,245.19 1 0
github.com/cortexa-llc/ai-pack/internal/mcp/client.go:250.29,251.23 1 0
github.com/cortexa-llc/ai-pack/internal/mcp/client.go:251.23,255.57 3 0
github.com/cortexa-llc/ai-pack/internal/mcp/client.go:255.57,258.12 2 0
github.com/cortexa-llc/ai-pack/internal/mcp/client.go:262.3,262.25 1 0
github.com/cortexa-llc/ai-pack/internal/mcp/client.go:262.25,265.35 2 0
github.com/cortexa-llc/ai-pack/internal/mcp/client.go:266.17,267.18 1 0
github.com/cortexa-llc/ai-pack/internal/mcp/client.go:268.15,269.11 1 0
github.com/cortexa-llc/ai-pack/internal/mcp/client.go:270.13,271.18 1 0
github.com/cortexa-llc/ai-pack/internal/mcp/client.go:272.12,274.13 2 0
github.com/cortexa-llc/ai-pack/internal/mcp/client.go:277.4,278.37 2 0
github.com/cortexa-llc/ai-pack/internal/mcp/client.go:278.37,280.5 1 0
github.com/cortexa-llc/ai-pack/internal/mcp/client.go:281.4,281.25 1 0
github.com/cortexa-llc/ai-pack/internal/mcp/client.go:285.2,285.40 1 0
github.com/cortexa-llc/ai-pack/internal/mcp/client.go:285.40,287.3 1 0
github.com/cortexa-llc/ai-pack/internal/mcp/client.go:291.32,295.14 3 0
github.com/cortexa-llc/ai-pack/internal/mcp/client.go:295.14,297.3 1 0
github.com/cortexa-llc/ai-pack/internal/mcp/client.go:299.2,302.20 2 0
github.com/cortexa-llc/ai-pack/internal/mcp/client.go:302.20,304.3 1 0
github.com/cortexa-llc/ai-pack/internal/mcp/client.go:307.2,307.42 1 0
github.com/cortexa-llc/ai-pack/internal/mcp/client.go:307.42,309.3 1 0
github.com/cortexa-llc/ai-pack/internal/mcp/client.go:312.2,312.21 1 0
github.com/cortexa-llc/ai-pack/internal/mcp/client.go:312.21,314.3 1 0
github.com/cortexa-llc/ai-pack/internal/mcp/client.go:316.2,316.12 1 0
github.com/cortexa-llc/ai-pack/internal/mcp/client.go:320.32,322.2 1 0
github.com/cortexa-llc/ai-pack/internal/mcp/manager.go:16.28,20.2 1 0
github.com/cortexa-llc/ai-pack/internal/mcp/manager.go:23.92,28.42 3 0
github.com/cortexa-llc/ai-pack/internal/mcp/manager.go:28.42,30.3 1 0
github.com/cortexa-llc/ai-pack/internal/mcp/manager.go:33.2,34.42 2 0
github.com/cortexa-llc/ai-pack/internal/mcp/manager.go:34.42,36.3 1 0
github.com/cortexa-llc/ai-pack/internal/mcp/manager.go:38.2,39.12 2 0
github.com/cortexa-llc/ai-pack/internal/mcp/manager.go:43.59,48.9 4 0
github.com/cortexa-llc/ai-pack/internal/mcp/manager.go:48.9,50.3 1 0
github.com/cortexa-llc/ai-pack/internal/mcp/manager.go:52.2,52.20 1 0
github.com/cortexa-llc/ai-pack/internal/mcp/manager.go:56.51,61.38 4 0
github.com/cortexa-llc/ai-pack/internal/mcp/manager.go:61.38,63.3 1 0
github.com/cortexa-llc/ai-pack/internal/mcp/manager.go:65.2,65.15 1 0
github.com/cortexa-llc/ai-pack/internal/mcp/manager.go:70.125,78.35 5 0
github.com/cortexa-llc/ai-pack/internal/mcp/manager.go:78.35,79.42 1 0
github.com/cortexa-llc/ai-pack/internal/mcp/manager.go:79.42,80.29 1 0
github.com/cortexa-llc/ai-pack/internal/mcp/manager.go:80.29,83.10 3 0
github.com/cortexa-llc/ai-pack/internal/mcp/manager.go:86.3,86.26 1 0
github.com/cortexa-llc/ai-pack/internal/mcp/manager.go:86.26,87.9 1 0
github.com/cortexa-llc/ai-pack/internal/mcp/manager.go:91.2,91.25 1 0
github.com/cortexa-llc/ai-pack/internal/mcp/manager.go:91.25,93.3 1 0
github.com/cortexa-llc/ai-pack/internal/mcp/manager.go:95.2,95.62 1 0
github.com/cortexa-llc/ai-pack/internal/mcp/manager.go:99.33,104.38 4 0
github.com/cortexa-llc/ai-pack/internal/mcp/manager.go:104.38,105.59 1 0
github.com/cortexa-llc/ai-pack/internal/mcp/manager.go:105.59,107.4 1 0
github.com/cortexa-llc/ai-pack/internal/mcp/manager.go:110.2,111.17 2 0
github.com/cortexa-llc/ai-pack/internal/mcp/manager.go:115.47,120.30 4 0
github.com/cortexa-llc/ai-pack/internal/mcp/manager.go:120.30,122.3 1 0
github.com/cortexa-llc/ai-pack/internal/mcp/manager.go:124.2,124.14 1 0
github.com/cortexa-llc/ai-pack/internal/mcp/server.go:19.104,26.2 1 0
github.com/cortexa-llc/ai-pack/internal/mcp/server.go:29.32,40.6 3 0
github.com/cortexa-llc/ai-pack/internal/mcp/server.go:40.6,42.17 2 0
github.com/cortexa-llc/ai-pack/internal/mcp/server.go:42.17,43.21 1 0
github.com/cortexa-llc/ai-pack/internal/mcp/server.go:43.21,45.5 1 0
github.com/cortexa-llc/ai-pack/internal/mcp/server.go:46.4,46.14 1 0
github.com/cortexa-llc/ai-pack/internal/mcp/server.go:48.3,54.52 2 0
github.com/cortexa-llc/ai-pack/internal/mcp/server.go:54.52,60.12 2 0
github.com/cortexa-llc/ai-pack/internal/mcp/server.go:62.3,62.31 1 0
github.com/cortexa-llc/ai-pack/internal/mcp/server.go:62.31,68.12 2 0
github.com/cortexa-llc/ai-pack/internal/mcp/server.go:70.3,73.10 4 0
github.com/cortexa-llc/ai-pack/internal/mcp/server.go:73.10,79.12 2 0
github.com/cortexa-llc/ai-pack/internal/mcp/server.go:81.3,82.17 2 0
github.com/cortexa-llc/ai-pack/internal/mcp/server.go:82.17,88.12 2 0
github.com/cortexa-llc/ai-pack/internal/mcp/server.go:90.3,94.5 1 0
github.com/cortexa-llc/ai-pack/internal/protocol_handler/register.go:20.23,21.22 1 0
github.com/cortexa-llc/ai-pack/internal/protocol_handler/register.go:22.16,23.25 1 0
github.com/cortexa-llc/ai-pack/internal/protocol_handler/register.go:24.15,25.25 1 0
github.com/cortexa-llc/ai-pack/internal/protocol_handler/register.go:26.17,27.27 1 0
github.com/cortexa-llc/ai-pack/internal/protocol_handler/register.go:28.10,29.87 1 0
github.com/cortexa-llc/ai-pack/internal/protocol_handler/register.go:34.26,35.22 1 0
github.com/cortexa-llc/ai-pack/internal/protocol_handler/register.go:36.16,37.29 1 0
github.com/cortexa-llc/ai-pack/internal/protocol_handler/register.go:38.15,39.29 1 0
github.com/cortexa-llc/ai-pack/internal/protocol_handler/register.go:40.17,41.31 1 0
github.com/cortexa-llc/ai-pack/internal/protocol_handler/register.go:42.10,43.15 1 0
github.com/cortexa-llc/ai-pack/internal/protocol_handler/register.go:48.55,50.50 1 0
github.com/cortexa-llc/ai-pack/internal/protocol_handler/register.go:50.50,51.28 1 0
github.com/cortexa-llc/ai-pack/internal/protocol_handler/register.go:51.28,54.4 2 0
github.com/cortexa-llc/ai-pack/internal/protocol_handler/register.go:57.2,61.50 3 0
github.com/cortexa-llc/ai-pack/internal/protocol_handler/register.go:61.50,63.3 1 0
github.com/cortexa-llc/ai-pack/internal/protocol_handler/register.go:67.2,70.39 2 0
github.com/cortexa-llc/ai-pack/internal/protocol_handler/register.go:70.39,72.77 1 0
github.com/cortexa-llc/ai-pack/internal/protocol_handler/register.go:72.77,74.4 1 0
github.com/cortexa-llc/ai-pack/internal/protocol_handler/register.go:78.2,78.21 1 0
github.com/cortexa-llc/ai-pack/internal/protocol_handler/register.go:78.21,79.50 1 0
github.com/cortexa-llc/ai-pack/internal/protocol_handler/register.go:79.50,86.41 3 0
github.com/cortexa-llc/ai-pack/internal/protocol_handler/register.go:86.41,87.86 1 0
github.com/cortexa-llc/ai-pack/internal/protocol_handler/register.go:87.86,89.11 2 0
github.com/cortexa-llc/ai-pack/internal/protocol_handler/register.go:95.2,95.21 1 0
github.com/cortexa-llc/ai-pack/internal/protocol_handler/register.go:95.21,100.3 1 0
github.com/cortexa-llc/ai-pack/internal/protocol_handler/register.go:102.2,110.34 6 0
github.com/cortexa-llc/ai-pack/internal/protocol_handler/register.go:110.34,115.3 1 0
github.com/cortexa-llc/ai-pack/internal/protocol_handler/register.go:117.2,118.12 2 0
github.com/cortexa-llc/ai-pack/internal/protocol_handler/register.go:122.28,124.16 2 0
github.com/cortexa-llc/ai-pack/internal/protocol_handler/register.go:124.16,126.3 1 0
github.com/cortexa-llc/ai-pack/internal/protocol_handler/register.go:129.2,133.60 3 0
github.com/cortexa-llc/ai-pack/internal/protocol_handler/register.go:133.60,135.3 1 0
github.com/cortexa-llc/ai-pack/internal/protocol_handler/register.go:138.2,143.52 4 0
github.com/cortexa-llc/ai-pack/internal/protocol_handler/register.go:143.52,145.3 1 0
github.com/cortexa-llc/ai-pack/internal/protocol_handler/register.go:148.2,174.104 2 0
github.com/cortexa-llc/ai-pack/internal/protocol_handler/register.go:174.104,176.3 1 0
github.com/cortexa-llc/ai-pack/internal/protocol_handler/register.go:179.2,186.79 3 0
github.com/cortexa-llc/ai-pack/internal/protocol_handler/register.go:186.79,188.3 1 0
github.com/cortexa-llc/ai-pack/internal/protocol_handler/register.go:191.2,193.53 2 0
github.com/cortexa-llc/ai-pack/internal/protocol_handler/register.go:193.53,195.3 1 0
github.com/cortexa-llc/ai-pack/internal/protocol_handler/register.go:197.2,198.12 2 0
github.com/cortexa-llc/ai-pack/internal/protocol_handler/register.go:202.31,205.16 2 0
github.com/cortexa-llc/ai-pack/internal/protocol_handler/register.go:205.16,207.3 1 0
github.com/cortexa-llc/ai-pack/internal/protocol_handler/register.go:209.2,210.44 2 0
github.com/cortexa-llc/ai-pack/internal/protocol_handler/register.go:210.44,212.3 1 0
github.com/cortexa-llc/ai-pack/internal/protocol_handler/register.go:215.2,217.16 3 0
github.com/cortexa-llc/ai-pack/internal/protocol_handler/register.go:217.16,219.3 1 0
github.com/cortexa-llc/ai-pack/internal/protocol_handler/register.go:222.2,222.130 1 0
github.com/cortexa-llc/ai-pack/internal/protocol_handler/register.go:226.28,228.16 2 0
github.com/cortexa-llc/ai-pack/internal/protocol_handler/register.go:228.16,230.3 1 0
github.com/cortexa-llc/ai-pack/internal/protocol_handler/register.go:232.2,233.16 2 0
github.com/cortexa-llc/ai-pack/internal/protocol_handler/register.go:233.16,235.3 1 0
github.com/cortexa-llc/ai-pack/internal/protocol_handler/register.go:238.2,239.54 2 0
github.com/cortexa-llc/ai-pack/internal/protocol_handler/register.go:239.54,241.3 1 0
github.com/cortexa-llc/ai-pack/internal/protocol_handler/register.go:243.2,252.80 3 0
github.com/cortexa-llc/ai-pack/internal/protocol_handler/register.go:252.80,254.3 1 0
github.com/cortexa-llc/ai-pack/internal/protocol_handler/register.go:257.2,257.82 1 0
github.com/cortexa-llc/ai-pack/internal/protocol_handler/register.go:257.82,260.3 2 0
github.com/cortexa-llc/ai-pack/internal/protocol_handler/register.go:263.2,263.116 1 0
github.com/cortexa-llc/ai-pack/internal/protocol_handler/register.go:263.116,266.3 2 0
github.com/cortexa-llc/ai-pack/internal/protocol_handler/register.go:268.2,269.12 2 0
github.com/cortexa-llc/ai-pack/internal/protocol_handler/register.go:273.31,276.16 3 0
github.com/cortexa-llc/ai-pack/internal/protocol_handler/register.go:276.16,278.3 1 0
github.com/cortexa-llc/ai-pack/internal/protocol_handler/register.go:279.2,279.65 1 0
github.com/cortexa-llc/ai-pack/internal/protocol_handler/register.go:283.30,285.16 2 0
github.com/cortexa-llc/ai-pack/internal/protocol_handler/register.go:285.16,287.3 1 0
github.com/cortexa-llc/ai-pack/internal/protocol_handler/register.go:290.2,296.35 2 0
github.com/cortexa-llc/ai-pack/internal/protocol_handler/register.go:296.35,298.35 2 0
github.com/cortexa-llc/ai-pack/internal/protocol_handler/register.go:298.35,300.4 1 0
github.com/cortexa-llc/ai-pack/internal/protocol_handler/register.go:303.2,304.12 2 0
github.com/cortexa-llc/ai-pack/internal/protocol_handler/register.go:308.33,311.2 2 0
github.com/cortexa-llc/ai-pack/internal/beads/beads.go:31.26,33.2 1 1
github.com/cortexa-llc/ai-pack/internal/beads/beads.go:37.39,40.35 1 1
github.com/cortexa-llc/ai-pack/internal/beads/beads.go:40.35,42.3 1 1
github.com/cortexa-llc/ai-pack/internal/beads/beads.go:45.2,46.20 2 1
github.com/cortexa-llc/ai-pack/internal/beads/beads.go:46.20,48.3 1 0
github.com/cortexa-llc/ai-pack/internal/beads/beads.go:51.2,52.45 2 1
github.com/cortexa-llc/ai-pack/internal/beads/beads.go:52.45,54.3 1 1
github.com/cortexa-llc/ai-pack/internal/beads/beads.go:57.2,57.29 1 1
github.com/cortexa-llc/ai-pack/internal/beads/beads.go:57.29,58.96 1 1
github.com/cortexa-llc/ai-pack/internal/beads/beads.go:58.96,60.4 1 0
github.com/cortexa-llc/ai-pack/internal/beads/beads.go:63.2,63.13 1 1
github.com/cortexa-llc/ai-pack/internal/beads/beads.go:67.56,69.2 1 0
github.com/cortexa-llc/ai-pack/internal/beads/beads.go:72.82,73.28 1 0
github.com/cortexa-llc/ai-pack/internal/beads/beads.go:73.28,75.3 1 0
github.com/cortexa-llc/ai-pack/internal/beads/beads.go:78.2,79.22 2 0
github.com/cortexa-llc/ai-pack/internal/beads/beads.go:79.22,81.3 1 0
github.com/cortexa-llc/ai-pack/internal/beads/beads.go:82.2,83.16 2 0
github.com/cortexa-llc/ai-pack/internal/beads/beads.go:83.16,85.58 1 0
github.com/cortexa-llc/ai-pack/internal/beads/beads.go:85.58,87.4 1 0
github.com/cortexa-llc/ai-pack/internal/beads/beads.go:88.3,88.73 1 0
github.com/cortexa-llc/ai-pack/internal/beads/beads.go:92.2,93.55 2 0
github.com/cortexa-llc/ai-pack/internal/beads/beads.go:93.55,95.3 1 0
github.com/cortexa-llc/ai-pack/internal/beads/beads.go:97.2,97.21 1 0
github.com/cortexa-llc/ai-pack/internal/beads/beads.go:97.21,99.3 1 0
github.com/cortexa-llc/ai-pack/internal/beads/beads.go:101.2,101.23 1 0
github.com/cortexa-llc/ai-pack/internal/beads/beads.go:105.49,107.2 1 0
github.com/cortexa-llc/ai-pack/internal/beads/beads.go:110.75,111.28 1 0
github.com/cortexa-llc/ai-pack/internal/beads/beads.go:111.28,113.3 1 0
github.com/cortexa-llc/ai-pack/internal/beads/beads.go:117.2,118.22 2 0
github.com/cortexa-llc/ai-pack/internal/beads/beads.go:118.22,120.3 1 0
github.com/cortexa-llc/ai-pack/internal/beads/beads.go:121.2,121.34 1 0
github.com/cortexa-llc/ai-pack/internal/beads/beads.go:121.34,123.3 1 0
github.com/cortexa-llc/ai-pack/internal/beads/beads.go:125.2,125.12 1 0
github.com/cortexa-llc/ai-pack/internal/beads/beads.go:129.52,131.2 1 0
github.com/cortexa-llc/ai-pack/internal/beads/beads.go:134.78,135.28 1 0
github.com/cortexa-llc/ai-pack/internal/beads/beads.go:135.28,137.3 1 0
github.com/cortexa-llc/ai-pack/internal/beads/beads.go:140.2,141.22 2 0
github.com/cortexa-llc/ai-pack/internal/beads/beads.go:141.22,143.3 1 0
github.com/cortexa-llc/ai-pack/internal/beads/beads.go:144.2,144.34 1 0
github.com/cortexa-llc/ai-pack/internal/beads/beads.go:144.34,146.3 1 0
github.com/cortexa-llc/ai-pack/internal/beads/beads.go:148.2,148.12 1 0
github.com/cortexa-llc/ai-pack/internal/beads/beads.go:152.75,154.2 1 0
github.com/cortexa-llc/ai-pack/internal/beads/beads.go:157.101,159.16 2 0
github.com/cortexa-llc/ai-pack/internal/beads/beads.go:159.16,161.3 1 0
github.com/cortexa-llc/ai-pack/internal/beads/beads.go:163.2,163.33 1 0
github.com/cortexa-llc/ai-pack/internal/beads/beads.go:163.33,165.3 1 0
github.com/cortexa-llc/ai-pack/internal/beads/beads.go:167.2,168.40 2 0
github.com/cortexa-llc/ai-pack/internal/beads/beads.go:168.40,171.26 2 0
github.com/cortexa-llc/ai-pack/internal/beads/beads.go:172.15,173.13 1 0
github.com/cortexa-llc/ai-pack/internal/beads/beads.go:174.31,175.38 1 0
github.com/cortexa-llc/ai-pack/internal/beads/beads.go:175.38,177.5 1 0
github.com/cortexa-llc/ai-pack/internal/beads/beads.go:177.10,178.13 1 0
github.com/cortexa-llc/ai-pack/internal/beads/beads.go:180.11,181.12 1 0
github.com/cortexa-llc/ai-pack/internal/beads/beads.go:184.3,185.17 2 0
github.com/cortexa-llc/ai-pack/internal/beads/beads.go:185.17,187.4 1 0
github.com/cortexa-llc/ai-pack/internal/beads/beads.go:189.3,189.61 1 0
github.com/cortexa-llc/ai-pack/internal/beads/beads.go:189.61,191.4 1 0
github.com/cortexa-llc/ai-pack/internal/beads/beads.go:194.2,194.44 1 0
github.com/cortexa-llc/ai-pack/internal/beads/beads.go:198.25,201.2 2 1
github.com/cortexa-llc/ai-pack/internal/beads/beads.go:204.49,206.2 1 0
github.com/cortexa-llc/ai-pack/internal/beads/beads.go:209.73,216.22 3 0
github.com/cortexa-llc/ai-pack/internal/beads/beads.go:216.22,218.3 1 0
github.com/cortexa-llc/ai-pack/internal/beads/beads.go:220.2,221.16 2 0
github.com/cortexa-llc/ai-pack/internal/beads/beads.go:221.16,222.58 1 0
github.com/cortexa-llc/ai-pack/internal/beads/beads.go:222.58,224.4 1 0
github.com/cortexa-llc/ai-pack/internal/beads/beads.go:225.3,225.64 1 0
github.com/cortexa-llc/ai-pack/internal/beads/beads.go:228.2,229.55 2 0
github.com/cortexa-llc/ai-pack/internal/beads/beads.go:229.55,231.3 1 0
github.com/cortexa-llc/ai-pack/internal/beads/beads.go:233.2,233.19 1 0
github.com/cortexa-llc/ai-pack/internal/beads/beads.go:237.54,239.2 1 0
github.com/cortexa-llc/ai-pack/internal/beads/beads.go:242.80,243.28 1 0
github.com/cortexa-llc/ai-pack/internal/beads/beads.go:243.28,245.3 1 0
github.com/cortexa-llc/ai-pack/internal/beads/beads.go:248.2,248.20 1 0
github.com/cortexa-llc/ai-pack/internal/beads/beads.go:248.20,250.3 1 0
github.com/cortexa-llc/ai-pack/internal/beads/beads.go:253.2,254.16 2 0
github.com/cortexa-llc/ai-pack/internal/beads/beads.go:254.16,256.3 1 0
github.com/cortexa-llc/ai-pack/internal/beads/beads.go:258.2,258.12 1 0
github.com/cortexa-llc/ai-pack/internal/beads/beads.go:261.46,263.62 2 0
github.com/cortexa-llc/ai-pack/internal/beads/beads.go:263.62,265.3 1 0
github.com/cortexa-llc/ai-pack/internal/beads/beads.go:266.2,266.20 1 0
github.com/cortexa-llc/ai-pack/internal/beads/beads.go:269.43,271.26 1 0
github.com/cortexa-llc/ai-pack/internal/beads/beads.go:271.26,272.60 1 0
github.com/cortexa-llc/ai-pack/internal/beads/beads.go:272.60,274.4 1 0
github.com/cortexa-llc/ai-pack/internal/beads/beads.go:278.2,278.28 1 0
github.com/cortexa-llc/ai-pack/internal/beads/beads.go:278.28,280.3 1 0
github.com/cortexa-llc/ai-pack/internal/beads/beads.go:282.2,282.11 1 0
github.com/cortexa-llc/ai-pack/internal/beads/beads.go:287.89,289.2 1 1
github.com/cortexa-llc/ai-pack/internal/beads/beads.go:293.116,294.27 1 1
github.com/cortexa-llc/ai-pack/internal/beads/beads.go:294.27,296.3 1 1
github.com/cortexa-llc/ai-pack/internal/beads/beads.go:298.2,298.68 1 0
github.com/cortexa-llc/ai-pack/internal/beads/beads.go:298.68,300.3 1 0
github.com/cortexa-llc/ai-pack/internal/beads/beads.go:302.2,303.16 2 0
github.com/cortexa-llc/ai-pack/internal/beads/beads.go:303.16,305.3 1 0
github.com/cortexa-llc/ai-pack/internal/beads/beads.go:307.2,310.28 4 0
github.com/cortexa-llc/ai-pack/internal/beads/beads.go:310.28,312.3 1 0
github.com/cortexa-llc/ai-pack/internal/beads/beads.go:314.2,314.65 1 0
github.com/cortexa-llc/ai-pack/internal/beads/beads.go:319.55,323.22 3 0
github.com/cortexa-llc/ai-pack/internal/beads/beads.go:323.22,325.3 1 0
github.com/cortexa-llc/ai-pack/internal/beads/beads.go:326.2,326.11 1 0
github.com/cortexa-llc/ai-pack/internal/beads/beads.go:331.57,335.22 3 0
github.com/cortexa-llc/ai-pack/internal/beads/beads.go:335.22,337.3 1 0
github.com/cortexa-llc/ai-pack/internal/beads/beads.go:338.2,338.11 1 0
github.com/cortexa-llc/ai-pack/internal/auth/apikey.go:24.40,26.60 1 1
github.com/cortexa-llc/ai-pack/internal/auth/apikey.go:26.60,28.3 1 1
github.com/cortexa-llc/ai-pack/internal/auth/apikey.go:31.2,31.60 1 1
github.com/cortexa-llc/ai-pack/internal/auth/apikey.go:31.60,33.3 1 1
github.com/cortexa-llc/ai-pack/internal/auth/apikey.go:36.2,37.32 2 1
github.com/cortexa-llc/ai-pack/internal/auth/apikey.go:37.32,39.3 1 0
github.com/cortexa-llc/ai-pack/internal/auth/apikey.go:41.2,41.127 1 1
github.com/cortexa-llc/ai-pack/internal/auth/apikey.go:45.48,48.16 2 1
github.com/cortexa-llc/ai-pack/internal/auth/apikey.go:48.16,50.3 1 0
github.com/cortexa-llc/ai-pack/internal/auth/apikey.go:52.2,54.16 3 1
github.com/cortexa-llc/ai-pack/internal/auth/apikey.go:54.16,56.3 1 0
github.com/cortexa-llc/ai-pack/internal/auth/apikey.go:58.2,59.56 2 1
github.com/cortexa-llc/ai-pack/internal/auth/apikey.go:59.56,61.3 1 0
github.com/cortexa-llc/ai-pack/internal/auth/apikey.go:63.2,63.33 1 1
github.com/cortexa-llc/ai-pack/internal/auth/apikey.go:63.33,65.3 1 1
github.com/cortexa-llc/ai-pack/internal/auth/apikey.go:68.2,69.16 2 0
github.com/cortexa-llc/ai-pack/internal/auth/apikey.go:69.16,71.3 1 0
github.com/cortexa-llc/ai-pack/internal/auth/apikey.go:73.2,73.20 1 0
github.com/cortexa-llc/ai-pack/internal/auth/apikey.go:77.60,80.21 2 0
github.com/cortexa-llc/ai-pack/internal/auth/apikey.go:80.21,82.3 1 0
github.com/cortexa-llc/ai-pack/internal/auth/apikey.go:85.2,93.12 6 0
github.com/cortexa-llc/ai-pack/internal/auth/apikey.go:93.12,96.3 2 0
github.com/cortexa-llc/ai-pack/internal/auth/apikey.go:99.2,99.9 1 0
github.com/cortexa-llc/ai-pack/internal/auth/apikey.go:100.21,101.17 1 0
github.com/cortexa-llc/ai-pack/internal/auth/apikey.go:101.17,103.4 1 0
github.com/cortexa-llc/ai-pack/internal/auth/apikey.go:104.38,106.60 2 0
github.com/cortexa-llc/ai-pack/internal/auth/apikey.go:110.2,111.18 2 0
github.com/cortexa-llc/ai-pack/internal/auth/apikey.go:111.18,113.3 1 0
github.com/cortexa-llc/ai-pack/internal/auth/apikey.go:115.2,115.20 1 0
github.com/cortexa-llc/ai-pack/internal/auth/apikey.go:120.26,125.19 2 0
github.com/cortexa-llc/ai-pack/internal/auth/apikey.go:125.19,127.17 2 0
github.com/cortexa-llc/ai-pack/internal/auth/apikey.go:127.17,129.4 1 0
github.com/cortexa-llc/ai-pack/internal/auth/apikey.go:131.3,133.17 3 0
github.com/cortexa-llc/ai-pack/internal/auth/apikey.go:133.17,135.4 1 0
github.com/cortexa-llc/ai-pack/internal/auth/apikey.go:137.3,138.57 2 0
github.com/cortexa-llc/ai-pack/internal/auth/apikey.go:138.57,140.4 1 0
github.com/cortexa-llc/ai-pack/internal/auth/apikey.go:142.3,142.56 1 0
github.com/cortexa-llc/ai-pack/internal/auth/apikey.go:142.56,144.4 1 0
github.com/cortexa-llc/ai-pack/internal/auth/apikey.go:148.2,148.16 1 0
github.com/cortexa-llc/ai-pack/internal/tools/claudeignore.go:24.62,32.59 3 0
github.com/cortexa-llc/ai-pack/internal/tools/claudeignore.go:32.59,34.26 1 0
github.com/cortexa-llc/ai-pack/internal/tools/claudeignore.go:34.26,36.4 1 0
github.com/cortexa-llc/ai-pack/internal/tools/claudeignore.go:39.2,39.16 1 0
github.com/cortexa-llc/ai-pack/internal/tools/claudeignore.go:45.88,53.59 3 0
github.com/cortexa-llc/ai-pack/internal/tools/claudeignore.go:53.59,54.26 1 0
github.com/cortexa-llc/ai-pack/internal/tools/claudeignore.go:54.26,56.4 1 0
github.com/cortexa-llc/ai-pack/internal/tools/claudeignore.go:60.2,61.6 2 0
github.com/cortexa-llc/ai-pack/internal/tools/claudeignore.go:61.6,63.71 1 0
github.com/cortexa-llc/ai-pack/internal/tools/claudeignore.go:63.71,64.9 1 0
github.com/cortexa-llc/ai-pack/internal/tools/claudeignore.go:67.3,68.56 2 0
github.com/cortexa-llc/ai-pack/internal/tools/claudeignore.go:68.56,69.27 1 0
github.com/cortexa-llc/ai-pack/internal/tools/claudeignore.go:69.27,71.5 1 0
github.com/cortexa-llc/ai-pack/internal/tools/claudeignore.go:75.3,76.30 2 0
github.com/cortexa-llc/ai-pack/internal/tools/claudeignore.go:76.30,77.9 1 0
github.com/cortexa-llc/ai-pack/internal/tools/claudeignore.go:79.3,79.25 1 0
github.com/cortexa-llc/ai-pack/internal/tools/claudeignore.go:82.2,82.16 1 0
github.com/cortexa-llc/ai-pack/internal/tools/claudeignore.go:86.64,88.55 1 0
github.com/cortexa-llc/ai-pack/internal/tools/claudeignore.go:88.55,90.3 1 0
github.com/cortexa-llc/ai-pack/internal/tools/claudeignore.go:92.2,93.16 2 0
github.com/cortexa-llc/ai-pack/internal/tools/claudeignore.go:93.16,95.3 1 0
github.com/cortexa-llc/ai-pack/internal/tools/claudeignore.go:96.2,99.21 3 0
github.com/cortexa-llc/ai-pack/internal/tools/claudeignore.go:99.21,103.49 2 0
github.com/cortexa-llc/ai-pack/internal/tools/claudeignore.go:103.49,104.12 1 0
github.com/cortexa-llc/ai-pack/internal/tools/claudeignore.go:107.3,110.35 2 0
github.com/cortexa-llc/ai-pack/internal/tools/claudeignore.go:110.35,113.4 2 0
github.com/cortexa-llc/ai-pack/internal/tools/claudeignore.go:115.3,116.45 2 0
github.com/cortexa-llc/ai-pack/internal/tools/claudeignore.go:119.2,119.22 1 0
github.com/cortexa-llc/ai-pack/internal/tools/claudeignore.go:123.56,124.27 1 0
github.com/cortexa-llc/ai-pack/internal/tools/claudeignore.go:124.27,126.3 1 0
github.com/cortexa-llc/ai-pack/internal/tools/claudeignore.go:129.2,130.16 2 0
github.com/cortexa-llc/ai-pack/internal/tools/claudeignore.go:130.16,133.3 1 0
github.com/cortexa-llc/ai-pack/internal/tools/claudeignore.go:136.2,141.32 3 0
github.com/cortexa-llc/ai-pack/internal/tools/claudeignore.go:141.32,144.14 2 0
github.com/cortexa-llc/ai-pack/internal/tools/claudeignore.go:144.14,145.16 1 0
github.com/cortexa-llc/ai-pack/internal/tools/claudeignore.go:145.16,147.5 1 0
github.com/cortexa-llc/ai-pack/internal/tools/claudeignore.go:147.10,149.5 1 0
github.com/cortexa-llc/ai-pack/internal/tools/claudeignore.go:153.2,153.16 1 0
github.com/cortexa-llc/ai-pack/internal/tools/claudeignore.go:157.46,161.37 1 0
github.com/cortexa-llc/ai-pack/internal/tools/claudeignore.go:161.37,165.3 1 0
github.com/cortexa-llc/ai-pack/internal/tools/claudeignore.go:168.2,168.37 1 0
github.com/cortexa-llc/ai-pack/internal/tools/claudeignore.go:168.37,172.14 3 0
github.com/cortexa-llc/ai-pack/internal/tools/claudeignore.go:172.14,174.4 1 0
github.com/cortexa-llc/ai-pack/internal/tools/claudeignore.go:176.3,176.39 1 0
github.com/cortexa-llc/ai-pack/internal/tools/claudeignore.go:176.39,178.4 1 0
github.com/cortexa-llc/ai-pack/internal/tools/claudeignore.go:179.3,179.15 1 0
github.com/cortexa-llc/ai-pack/internal/tools/claudeignore.go:183.2,183.37 1 0
github.com/cortexa-llc/ai-pack/internal/tools/claudeignore.go:183.37,186.22 2 0
github.com/cortexa-llc/ai-pack/internal/tools/claudeignore.go:186.22,190.36 3 0
github.com/cortexa-llc/ai-pack/internal/tools/claudeignore.go:190.36,192.5 1 0
github.com/cortexa-llc/ai-pack/internal/tools/claudeignore.go:193.4,193.20 1 0
github.com/cortexa-llc/ai-pack/internal/tools/claudeignore.go:193.20,196.16 2 0
github.com/cortexa-llc/ai-pack/internal/tools/claudeignore.go:196.16,198.6 1 0
github.com/cortexa-llc/ai-pack/internal/tools/claudeignore.go:200.5,200.77 1 0
github.com/cortexa-llc/ai-pack/internal/tools/claudeignore.go:202.4,202.20 1 0
github.com/cortexa-llc/ai-pack/internal/tools/claudeignore.go:202.20,205.5 1 0
github.com/cortexa-llc/ai-pack/internal/tools/claudeignore.go:207.4,207.75 1 0
github.com/cortexa-llc/ai-pack/internal/tools/claudeignore.go:212.2,213.13 2 0
github.com/cortexa-llc/ai-pack/internal/tools/claudeignore.go:213.13,215.3 1 0
github.com/cortexa-llc/ai-pack/internal/tools/claudeignore.go:218.2,219.13 2 0
github.com/cortexa-llc/ai-pack/internal/tools/claudeignore.go:219.13,221.3 1 0
github.com/cortexa-llc/ai-pack/internal/tools/claudeignore.go:224.2,225.33 2 0
github.com/cortexa-llc/ai-pack/internal/tools/claudeignore.go:225.33,227.14 2 0
github.com/cortexa-llc/ai-pack/internal/tools/claudeignore.go:227.14,229.4 1 0
github.com/cortexa-llc/ai-pack/internal/tools/claudeignore.go:233.2,233.40 1 0
github.com/cortexa-llc/ai-pack/internal/tools/claudeignore.go:240.52,244.26 3 0
github.com/cortexa-llc/ai-pack/internal/tools/claudeignore.go:244.26,245.17 1 0
github.com/cortexa-llc/ai-pack/internal/tools/claudeignore.go:245.17,248.4 2 0
github.com/cortexa-llc/ai-pack/internal/tools/claudeignore.go:251.2,251.32 1 0
github.com/cortexa-llc/ai-pack/internal/tools/claudeignore.go:251.32,252.15 1 0
github.com/cortexa-llc/ai-pack/internal/tools/claudeignore.go:252.15,253.12 1 0
github.com/cortexa-llc/ai-pack/internal/tools/claudeignore.go:255.3,260.34 3 0
github.com/cortexa-llc/ai-pack/internal/tools/claudeignore.go:260.34,265.36 2 0
github.com/cortexa-llc/ai-pack/internal/tools/claudeignore.go:265.36,267.5 1 0
github.com/cortexa-llc/ai-pack/internal/tools/claudeignore.go:268.9,268.41 1 0
github.com/cortexa-llc/ai-pack/internal/tools/claudeignore.go:268.41,271.4 1 0
github.com/cortexa-llc/ai-pack/internal/tools/claudeignore.go:275.2,275.13 1 0
github.com/cortexa-llc/ai-pack/internal/tools/claudeignore.go:279.62,280.27 1 0
github.com/cortexa-llc/ai-pack/internal/tools/claudeignore.go:280.27,282.3 1 0
github.com/cortexa-llc/ai-pack/internal/tools/claudeignore.go:284.2,285.29 2 0
github.com/cortexa-llc/ai-pack/internal/tools/claudeignore.go:285.29,286.29 1 0
github.com/cortexa-llc/ai-pack/internal/tools/claudeignore.go:286.29,288.4 1 0
github.com/cortexa-llc/ai-pack/internal/tools/claudeignore.go:290.2,290.17 1 0
github.com/cortexa-llc/ai-pack/internal/tools/tools.go:22.37,44.2 1 0
github.com/cortexa-llc/ai-pack/internal/tools/tools.go:47.38,62.2 1 0
github.com/cortexa-llc/ai-pack/internal/tools/tools.go:65.38,80.2 1 0
github.com/cortexa-llc/ai-pack/internal/tools/tools.go:83.39,102.2 1 0
github.com/cortexa-llc/ai-pack/internal/tools/tools.go:105.38,128.2 1 0
github.com/cortexa-llc/ai-pack/internal/tools/tools.go:131.43,164.2 1 0
github.com/cortexa-llc/ai-pack/internal/tools/tools.go:167.38,186.2 1 0
github.com/cortexa-llc/ai-pack/internal/tools/tools.go:189.38,204.2 1 0
github.com/cortexa-llc/ai-pack/internal/tools/tools.go:207.43,222.2 1 0
github.com/cortexa-llc/ai-pack/internal/tools/tools.go:225.42,244.2 1 0
github.com/cortexa-llc/ai-pack/internal/tools/tools.go:250.46,268.2 1 0
github.com/cortexa-llc/ai-pack/internal/tools/tools.go:270.131,271.18 1 0
github.com/cortexa-llc/ai-pack/internal/tools/tools.go:272.14,273.54 1 0
github.com/cortexa-llc/ai-pack/internal/tools/tools.go:274.14,275.54 1 0
github.com/cortexa-llc/ai-pack/internal/tools/tools.go:276.15,277.55 1 0
github.com/cortexa-llc/ai-pack/internal/tools/tools.go:278.14,279.54 1 0
github.com/cortexa-llc/ai-pack/internal/tools/tools.go:280.19,281.59 1 0
github.com/cortexa-llc/ai-pack/internal/tools/tools.go:282.14,283.54 1 0
github.com/cortexa-llc/ai-pack/internal/tools/tools.go:284.14,285.54 1 0
github.com/cortexa-llc/ai-pack/internal/tools/tools.go:286.19,287.59 1 0
github.com/cortexa-llc/ai-pack/internal/tools/tools.go:288.18,289.58 1 0
github.com/cortexa-llc/ai-pack/internal/tools/tools.go:290.22,294.20 2 0
github.com/cortexa-llc/ai-pack/internal/tools/tools.go:294.20,296.4 1 0
github.com/cortexa-llc/ai-pack/internal/tools/tools.go:297.3,297.63 1 0
github.com/cortexa-llc/ai-pack/internal/tools/tools.go:298.10,299.54 1 0
github.com/cortexa-llc/ai-pack/internal/tools/tools.go:303.110,305.9 2 0
github.com/cortexa-llc/ai-pack/internal/tools/tools.go:305.9,307.3 1 0
github.com/cortexa-llc/ai-pack/internal/tools/tools.go:310.2,330.44 3 0
github.com/cortexa-llc/ai-pack/internal/tools/tools.go:330.44,331.42 1 0
github.com/cortexa-llc/ai-pack/internal/tools/tools.go:331.42,333.4 1 0
github.com/cortexa-llc/ai-pack/internal/tools/tools.go:337.2,337.79 1 0
github.com/cortexa-llc/ai-pack/internal/tools/tools.go:337.79,339.3 1 0
github.com/cortexa-llc/ai-pack/internal/tools/tools.go:343.2,351.16 7 0
github.com/cortexa-llc/ai-pack/internal/tools/tools.go:351.16,353.3 1 0
github.com/cortexa-llc/ai-pack/internal/tools/tools.go:355.2,355.28 1 0
github.com/cortexa-llc/ai-pack/internal/tools/tools.go:358.110,362.31 2 0
github.com/cortexa-llc/ai-pack/internal/tools/tools.go:362.31,364.3 1 0
github.com/cortexa-llc/ai-pack/internal/tools/tools.go:367.2,368.55 2 0
github.com/cortexa-llc/ai-pack/internal/tools/tools.go:368.55,370.3 1 0
github.com/cortexa-llc/ai-pack/internal/tools/tools.go:373.2,373.80 1 0
github.com/cortexa-llc/ai-pack/internal/tools/tools.go:373.80,375.3 1 0
github.com/cortexa-llc/ai-pack/internal/tools/tools.go:377.2,378.16 2 0
github.com/cortexa-llc/ai-pack/internal/tools/tools.go:378.16,380.3 1 0
github.com/cortexa-llc/ai-pack/internal/tools/tools.go:382.2,382.26 1 0
github.com/cortexa-llc/ai-pack/internal/tools/tools.go:385.111,390.31 3 0
github.com/cortexa-llc/ai-pack/internal/tools/tools.go:390.31,392.3 1 0
github.com/cortexa-llc/ai-pack/internal/tools/tools.go:395.2,395.81 1 0
github.com/cortexa-llc/ai-pack/internal/tools/tools.go:395.81,397.3 1 0
github.com/cortexa-llc/ai-pack/internal/tools/tools.go:399.2,399.66 1 0
github.com/cortexa-llc/ai-pack/internal/tools/tools.go:399.66,401.3 1 0
github.com/cortexa-llc/ai-pack/internal/tools/tools.go:403.2,403.70 1 0
github.com/cortexa-llc/ai-pack/internal/tools/tools.go:403.70,405.3 1 0
github.com/cortexa-llc/ai-pack/internal/tools/tools.go:407.2,407.80 1 0
github.com/cortexa-llc/ai-pack/internal/tools/tools.go:410.110,416.31 4 0
github.com/cortexa-llc/ai-pack/internal/tools/tools.go:416.31,418.3 1 0
github.com/cortexa-llc/ai-pack/internal/tools/tools.go:421.2,421.80 1 0
github.com/cortexa-llc/ai-pack/internal/tools/tools.go:421.80,423.3 1 0
github.com/cortexa-llc/ai-pack/internal/tools/tools.go:425.2,426.16 2 0
github.com/cortexa-llc/ai-pack/internal/tools/tools.go:426.16,428.3 1 0
github.com/cortexa-llc/ai-pack/internal/tools/tools.go:430.2,431.43 2 0
github.com/cortexa-llc/ai-pack/internal/tools/tools.go:431.43,433.3 1 0
github.com/cortexa-llc/ai-pack/internal/tools/tools.go:436.2,439.27 2 0
github.com/cortexa-llc/ai-pack/internal/tools/tools.go:439.27,441.3 1 0
github.com/cortexa-llc/ai-pack/internal/tools/tools.go:443.2,443.73 1 0
github.com/cortexa-llc/ai-pack/internal/tools/tools.go:443.73,445.3 1 0
github.com/cortexa-llc/ai-pack/internal/tools/tools.go:447.2,449.108 3 0
github.com/cortexa-llc/ai-pack/internal/tools/tools.go:452.115,455.9 3 0
github.com/cortexa-llc/ai-pack/internal/tools/tools.go:455.9,457.3 1 0
github.com/cortexa-llc/ai-pack/internal/tools/tools.go:460.2,460.31 1 0
github.com/cortexa-llc/ai-pack/internal/tools/tools.go:460.31,462.3 1 0
github.com/cortexa-llc/ai-pack/internal/tools/tools.go:465.2,465.80 1 0
github.com/cortexa-llc/ai-pack/internal/tools/tools.go:465.80,467.3 1 0
github.com/cortexa-llc/ai-pack/internal/tools/tools.go:470.2,471.16 2 0
github.com/cortexa-llc/ai-pack/internal/tools/tools.go:471.16,473.3 1 0
github.com/cortexa-llc/ai-pack/internal/tools/tools.go:475.2,480.35 4 0
github.com/cortexa-llc/ai-pack/internal/tools/tools.go:480.35,482.10 2 0
github.com/cortexa-llc/ai-pack/internal/tools/tools.go:482.10,484.4 1 0
github.com/cortexa-llc/ai-pack/internal/tools/tools.go:486.3,489.22 3 0
github.com/cortexa-llc/ai-pack/internal/tools/tools.go:489.22,491.4 1 0
github.com/cortexa-llc/ai-pack/internal/tools/tools.go:494.3,494.44 1 0
github.com/cortexa-llc/ai-pack/internal/tools/tools.go:494.44,496.4 1 0
github.com/cortexa-llc/ai-pack/internal/tools/tools.go:499.3,500.17 2 0
github.com/cortexa-llc/ai-pack/internal/tools/tools.go:504.2,504.32 1 0
github.com/cortexa-llc/ai-pack/internal/tools/tools.go:504.32,506.3 1 0
github.com/cortexa-llc/ai-pack/internal/tools/tools.go:508.2,508.70 1 0
github.com/cortexa-llc/ai-pack/internal/tools/tools.go:508.70,510.3 1 0
github.com/cortexa-llc/ai-pack/internal/tools/tools.go:512.2,512.87 1 0
github.com/cortexa-llc/ai-pack/internal/tools/tools.go:515.110,519.22 3 0
github.com/cortexa-llc/ai-pack/internal/tools/tools.go:519.22,521.3 1 0
github.com/cortexa-llc/ai-pack/internal/tools/tools.go:521.8,521.40 1 0
github.com/cortexa-llc/ai-pack/internal/tools/tools.go:521.40,523.3 1 0
github.com/cortexa-llc/ai-pack/internal/tools/tools.go:526.2,528.22 3 0
github.com/cortexa-llc/ai-pack/internal/tools/tools.go:528.22,530.3 1 0
github.com/cortexa-llc/ai-pack/internal/tools/tools.go:531.2,536.16 4 0
github.com/cortexa-llc/ai-pack/internal/tools/tools.go:536.16,538.23 1 0
github.com/cortexa-llc/ai-pack/internal/tools/tools.go:538.23,540.4 1 0
github.com/cortexa-llc/ai-pack/internal/tools/tools.go:544.2,544.56 1 0
github.com/cortexa-llc/ai-pack/internal/tools/tools.go:544.56,548.30 3 0
github.com/cortexa-llc/ai-pack/internal/tools/tools.go:548.30,549.18 1 0
github.com/cortexa-llc/ai-pack/internal/tools/tools.go:549.18,550.13 1 0
github.com/cortexa-llc/ai-pack/internal/tools/tools.go:554.4,555.22 2 0
github.com/cortexa-llc/ai-pack/internal/tools/tools.go:555.22,558.34 3 0
github.com/cortexa-llc/ai-pack/internal/tools/tools.go:558.34,560.6 1 0
github.com/cortexa-llc/ai-pack/internal/tools/tools.go:562.5,562.44 1 0
github.com/cortexa-llc/ai-pack/internal/tools/tools.go:562.44,564.6 1 0
github.com/cortexa-llc/ai-pack/internal/tools/tools.go:568.3,568.25 1 0
github.com/cortexa-llc/ai-pack/internal/tools/tools.go:568.25,570.4 1 0
github.com/cortexa-llc/ai-pack/internal/tools/tools.go:572.3,572.43 1 0
github.com/cortexa-llc/ai-pack/internal/tools/tools.go:575.2,575.28 1 0
github.com/cortexa-llc/ai-pack/internal/tools/tools.go:578.110,588.16 4 0
github.com/cortexa-llc/ai-pack/internal/tools/tools.go:588.16,590.3 1 0
github.com/cortexa-llc/ai-pack/internal/tools/tools.go:593.2,594.50 2 0
github.com/cortexa-llc/ai-pack/internal/tools/tools.go:594.50,596.33 2 0
github.com/cortexa-llc/ai-pack/internal/tools/tools.go:596.33,597.41 1 0
github.com/cortexa-llc/ai-pack/internal/tools/tools.go:597.41,599.5 1 0
github.com/cortexa-llc/ai-pack/internal/tools/tools.go:601.3,601.21 1 0
github.com/cortexa-llc/ai-pack/internal/tools/tools.go:607.2,608.32 2 0
github.com/cortexa-llc/ai-pack/internal/tools/tools.go:608.32,610.17 2 0
github.com/cortexa-llc/ai-pack/internal/tools/tools.go:610.17,612.4 1 0
github.com/cortexa-llc/ai-pack/internal/tools/tools.go:613.3,613.23 1 0
github.com/cortexa-llc/ai-pack/internal/tools/tools.go:615.2,617.23 2 0
github.com/cortexa-llc/ai-pack/internal/tools/tools.go:617.23,619.3 1 0
github.com/cortexa-llc/ai-pack/internal/tools/tools.go:621.2,621.41 1 0
github.com/cortexa-llc/ai-pack/internal/tools/tools.go:624.115,629.2 2 0
github.com/cortexa-llc/ai-pack/internal/tools/tools.go:631.114,636.2 2 0
github.com/cortexa-llc/ai-pack/internal/graphql/generated.go:24.63,31.2 1 0
github.com/cortexa-llc/ai-pack/internal/graphql/generated.go:345.49,346.21 1 0
github.com/cortexa-llc/ai-pack/internal/graphql/generated.go:346.21,348.3 1 0
github.com/cortexa-llc/ai-pack/internal/graphql/generated.go:349.2,349.21 1 0
github.com/cortexa-llc/ai-pack/internal/graphql/generated.go:352.141,355.32 3 0
github.com/cortexa-llc/ai-pack/internal/graphql/generated.go:357.25,358.42 1 0
github.com/cortexa-llc/ai-pack/internal/graphql/generated.go:358.42,359.9 1 0
github.com/cortexa-llc/ai-pack/internal/graphql/generated.go:362.3,362.61 1 0
github.com/cortexa-llc/ai-pack/internal/graphql/generated.go:363.26,364.43 1 0
github.com/cortexa-llc/ai-pack/internal/graphql/generated.go:364.43,365.9 1 0
github.com/cortexa-llc/ai-pack/internal/graphql/generated.go:368.3,368.62 1 0
github.com/cortexa-llc/ai-pack/internal/graphql/generated.go:369.24,370.41 1 0
github.com/cortexa-llc/ai-pack/internal/graphql/generated.go:370.41,371.9 1 0
github.com/cortexa-llc/ai-pack/internal/graphql/generated.go:374.3,374.60 1 0
github.com/cortexa-llc/ai-pack/internal/graphql/generated.go:376.31,377.48 1 0
github.com/cortexa-llc/ai-pack/internal/graphql/generated.go:377.48,378.9 1 0
github.com/cortexa-llc/ai-pack/internal/graphql/generated.go:381.3,381.67 1 0
github.com/cortexa-llc/ai-pack/internal/graphql/generated.go:382.29,383.46 1 0
github.com/cortexa-llc/ai-pack/internal/graphql/generated.go:383.46,384.9 1 0
github.com/cortexa-llc/ai-pack/internal/graphql/generated.go:387.3,387.65 1 0
github.com/cortexa-llc/ai-pack/internal/graphql/generated.go:388.25,389.42 1 0
github.com/cortexa-llc/ai-pack/internal/graphql/generated.go:389.42,390.9 1 0
github.com/cortexa-llc/ai-pack/internal/graphql/generated.go:393.3,393.61 1 0
github.com/cortexa-llc/ai-pack/internal/graphql/generated.go:394.28,395.45 1 0
github.com/cortexa-llc/ai-pack/internal/graphql/generated.go:395.45,396.9 1 0
github.com/cortexa-llc/ai-pack/internal/graphql/generated.go:399.3,399.64 1 0
github.com/cortexa-llc/ai-pack/internal/graphql/generated.go:400.31,401.48 1 0
github.com/cortexa-llc/ai-pack/internal/graphql/generated.go:401.48,402.9 1 0
github.com/cortexa-llc/ai-pack/internal/graphql/generated.go:405.3,405.67 1 0
github.com/cortexa-llc/ai-pack/internal/graphql/generated.go:406.26,407.43 1 0
github.com/cortexa-llc/ai-pack/internal/graphql/generated.go:407.43,408.9 1 0
github.com/cortexa-llc/ai-pack/internal/graphql/generated.go:411.3,411.62 1 0
github.com/cortexa-llc/ai-pack/internal/graphql/generated.go:412.24,413.41 1 0
github.com/cortexa-llc/ai-pack/internal/graphql/generated.go:413.41,414.9 1 0
github.com/cortexa-llc/ai-pack/internal/graphql/generated.go:417.3,417.60 1 0
github.com/cortexa-llc/ai-pack/internal/graphql/generated.go:418.26,419.43 1 0
github.com/cortexa-llc/ai-pack/internal/graphql/generated.go:419.43,420.9 1 0
github.com/cortexa-llc/ai-pack/internal/graphql/generated.go:423.3,423.62 1 0
github.com/cortexa-llc/ai-pack/internal/graphql/generated.go:424.24,425.41 1 0
github.com/cortexa-llc/ai-pack/internal/graphql/generated.go:425.41,426.9 1 0
github.com/cortexa-llc/ai-pack/internal/graphql/generated.go:429.3,429.60 1 0
github.com/cortexa-llc/ai-pack/internal/graphql/generated.go:430.26,431.43 1 0
github.com/cortexa-llc/ai-pack/internal/graphql/generated.go:431.43,432.9 1 0
github.com/cortexa-llc/ai-pack/internal/graphql/generated.go:435.3,435.62 1 0
github.com/cortexa-llc/ai-pack/internal/graphql/generated.go:436.29,437.46 1 0
github.com/cortexa-llc/ai-pack/internal/graphql/generated.go:437.46,438.9 1 0
github.com/cortexa-llc/ai-pack/internal/graphql/generated.go:441.3,441.65 1 0
github.com/cortexa-llc/ai-pack/internal/graphql/generated.go:443.32,444.49 1 0
github.com/cortexa-llc/ai-pack/internal/graphql/generated.go:444.49,445.9 1 0
github.com/cortexa-llc/ai-pack/internal/graphql/generated.go:448.3,448.68 1 0
github.com/cortexa-llc/ai-pack/internal/graphql/generated.go:449.31,450.48 1 0
github.com/cortexa-llc/ai-pack/internal/graphql/generated.go:450.48,451.9 1 0
github.com/cortexa-llc/ai-pack/internal/graphql/generated.go:454.3,454.67 1 0
github.com/cortexa-llc/ai-pack/internal/graphql/generated.go:455.22,456.39 1 0
github.com/cortexa-llc/ai-pack/internal/graphql/generated.go:456.39,457.9 1 0
github.com/cortexa-llc/ai-pack/internal/graphql/generated.go:460.3,460.58 1 0
github.com/cortexa-llc/ai-pack/internal/graphql/generated.go:461.28,462.45 1 0
github.com/cortexa-llc/ai-pack/internal/graphql/generated.go:462.45,463.9 1 0
github.com/cortexa-llc/ai-pack/internal/graphql/generated.go:466.3,466.64 1 0
github.com/cortexa-llc/ai-pack/internal/graphql/generated.go:467.26,468.43 1 0
github.com/cortexa-llc/ai-pack/internal/graphql/generated.go:468.43,469.9 1 0
github.com/cortexa-llc/ai-pack/internal/graphql/generated.go:472.3,472.62 1 0
github.com/cortexa-llc/ai-pack/internal/graphql/generated.go:473.25,474.42 1 0
github.com/cortexa-llc/ai-pack/internal/graphql/generated.go:474.42,475.9 1 0
github.com/cortexa-llc/ai-pack/internal/graphql/generated.go:478.3,478.61 1 0
github.com/cortexa-llc/ai-pack/internal/graphql/generated.go:480.29,481.46 1 0
github.com/cortexa-llc/ai-pack/internal/graphql/generated.go:481.46,482.9 1 0
github.com/cortexa-llc/ai-pack/internal/graphql/generated.go:485.3,485.65 1 0
github.com/cortexa-llc/ai-pack/internal/graphql/generated.go:486.29,487.46 1 0
github.com/cortexa-llc/ai-pack/internal/graphql/generated.go:487.46,488.9 1 0
github.com/cortexa-llc/ai-pack/internal/graphql/generated.go:491.3,491.65 1 0
github.com/cortexa-llc/ai-pack/internal/graphql/generated.go:492.28,493.45 1 0
github.com/cortexa-llc/ai-pack/internal/graphql/generated.go:493.45,494.9 1 0
github.com/cortexa-llc/ai-pack/internal/graphql/generated.go:497.3,497.64 1 0
github.com/cortexa-llc/ai-pack/internal/graphql/generated.go:499.32,500.49 1 0
github.com/cortexa-llc/ai-pack/internal/graphql/generated.go:500.49,501.9 1 0
github.com/cortexa-llc/ai-pack/internal/graphql/generated.go:504.3,504.68 1 0
github.com/cortexa-llc/ai-pack/internal/graphql/generated.go:505.36,506.53 1 0
github.com/cortexa-llc/ai-pack/internal/graphql/generated.go:506.53,507.9 1 0
github.com/cortexa-llc/ai-pack/internal/graphql/generated.go:510.3,510.72 1 0
github.com/cortexa-llc/ai-pack/internal/graphql/generated.go:511.34,512.51 1 0
github.com/cortexa-llc/ai-pack/internal/graphql/generated.go:512.51,513.9 1 0
github.com/cortexa-llc/ai-pack/internal/graphql/generated.go:516.3,516.70 1 0
github.com/cortexa-llc/ai-pack/internal/graphql/generated.go:517.29,518.46 1 0
github.com/cortexa-llc/ai-pack/internal/graphql/generated.go:518.46,519.9 1 0
github.com/cortexa-llc/ai-pack/internal/graphql/generated.go:522.3,522.65 1 0
github.com/cortexa-llc/ai-pack/internal/graphql/generated.go:523.36,524.53 1 0
github.com/cortexa-llc/ai-pack/internal/graphql/generated.go:524.53,525.9 1 0
github.com/cortexa-llc/ai-pack/internal/graphql/generated.go:528.3,528.72 1 0
github.com/cortexa-llc/ai-pack/internal/graphql/generated.go:529.32,530.49 1 0
github.com/cortexa-llc/ai-pack/internal/graphql/generated.go:530.49,531.9 1 0
github.com/cortexa-llc/ai-pack/internal/graphql/generated.go:534.3,534.68 1 0
github.com/cortexa-llc/ai-pack/internal/graphql/generated.go:536.30,537.47 1 0
github.com/cortexa-llc/ai-pack/internal/graphql/generated.go:537.47,538.9 1 0
github.com/cortexa-llc/ai-pack/internal/graphql/generated.go:541.3,541.66 1 0
github.com/cortexa-llc/ai-pack/internal/graphql/generated.go:542.30,543.47 1 0
github.com/cortexa-llc/ai-pack/internal/graphql/generated.go:543.47,544.9 1 0
github.com/cortexa-llc/ai-pack/internal/graphql/generated.go:547.3,547.66 1 0
github.com/cortexa-llc/ai-pack/internal/graphql/generated.go:548.29,549.46 1 0
github.com/cortexa-llc/ai-pack/internal/graphql/generated.go:549.46,550.9 1 0
github.com/cortexa-llc/ai-pack/internal/graphql/generated.go:553.3,553.65 1 0
github.com/cortexa-llc/ai-pack/internal/graphql/generated.go:555.35,556.52 1 0
github.com/cortexa-llc/ai-pack/internal/graphql/generated.go:556.52,557.9 1 0
github.com/cortexa-llc/ai-pack/internal/graphql/generated.go:560.3,560.71 1 0
github.com/cortexa-llc/ai-pack/internal/graphql/generated.go:561.30,562.47 1 0
github.com/cortexa-llc/ai-pack/internal/graphql/generated.go:562.47,563.9 1 0
github.com/cortexa-llc/ai-pack/internal/graphql/generated.go:566.3,566.66 1 0
github.com/cortexa-llc/ai-pack/internal/graphql/generated.go:567.34,568.51 1 0
github.com/cortexa-llc/ai-pack/internal/graphql/generated.go:568.51,569.9 1 0
github.com/cortexa-llc/ai-pack/internal/graphql/generated.go:572.3,572.70 1 0
github.com/cortexa-llc/ai-pack/internal/graphql/generated.go:573.33,574.50 1 0
github.com/cortexa-llc/ai-pack/internal/graphql/generated.go:574.50,575.9 1 0
github.com/cortexa-llc/ai-pack/internal/graphql/generated.go:578.3,578.69 1 0
github.com/cortexa-llc/ai-pack/internal/graphql/generated.go:579.31,580.48 1 0
github.com/cortexa-llc/ai-pack/internal/graphql/generated.go:580.48,581.9 1 0
github.com/cortexa-llc/ai-pack/internal/graphql/generated.go:584.3,584.67 1 0
github.com/cortexa-llc/ai-pack/internal/graphql/generated.go:585.29,586.46 1 0
github.com/cortexa-llc/ai-pack/internal/graphql/generated.go:586.46,587.9 1 0
github.com/cortexa-llc/ai-pack/internal/graphql/generated.go:590.3,590.65 1 0
github.com/cortexa-llc/ai-pack/internal/graphql/generated.go:591.31,592.48 1 0
github.com/cortexa-llc/ai-pack/internal/graphql/generated.go:592.48,593.9 1 0
github.com/cortexa-llc/ai-pack/internal/graphql/generated.go:596.3,596.67 1 0
github.com/cortexa-llc/ai-pack/internal/graphql/generated.go:597.29,598.46 1 0
github.com/cortexa-llc/ai-pack/internal/graphql/generated.go:598.46,599.9 1 0
github.com/cortexa-llc/ai-pack/internal/graphql/generated.go:602.3,602.65 1 0
github.com/cortexa-llc/ai-pack/internal/graphql/generated.go:603.31,604.48 1 0
github.com/cortexa-llc/ai-pack/internal/graphql/generated.go:604.48,605.9 1 0
github.com/cortexa-llc/ai-pack/internal/graphql/generated.go:608.3,608.67 1 0
github.com/cortexa-llc/ai-pack/internal/graphql/generated.go:609.34,610.51 1 0
github.com/cortexa-llc/ai-pack/internal/graphql/generated.go:610.51,611.9 1 0
github.com/cortexa-llc/ai-pack/internal/graphql/generated.go:614.3,614.70 1 0
github.com/cortexa-llc/ai-pack/internal/graphql/generated.go:616.30,617.47 1 0
github.com/cortexa-llc/ai-pack/internal/graphql/generated.go:617.47,618.9 1 0
github.com/cortexa-llc/ai-pack/internal/graphql/generated.go:621.3,621.66 1 0
github.com/cortexa-llc/ai-pack/internal/graphql/generated.go:622.29,623.46 1 0
github.com/cortexa-llc/ai-pack/internal/graphql/generated.go:623.46,624.9 1 0
github.com/cortexa-llc/ai-pack/internal/graphql/generated.go:627.3,627.65 1 0
github.com/cortexa-llc/ai-pack/internal/graphql/generated.go:628.34,629.51 1 0
github.com/cortexa-llc/ai-pack/internal/graphql/generated.go:629.51,630.9 1 0
github.com/cortexa-llc/ai-pack/internal/graphql/generated.go:633.3,633.70 1 0
github.com/cortexa-llc/ai-pack/internal/graphql/generated.go:634.40,635.57 1 0
github.com/cortexa-llc/ai-pack/internal/graphql/generated.go:635.57,636.9 1 0
github.com/cortexa-llc/ai-pack/internal/graphql/generated.go:639.3,639.76 1 0
github.com/cortexa-llc/ai-pack/internal/graphql/generated.go:640.33,641.50 1 0
github.com/cortexa-llc/ai-pack/internal/graphql/generated.go:641.50,642.9 1 0
github.com/cortexa-llc/ai-pack/internal/graphql/generated.go:645.3,645.69 1 0
github.com/cortexa-llc/ai-pack/internal/graphql/generated.go:646.34,647.51 1 0
github.com/cortexa-llc/ai-pack/internal/graphql/generated.go:647.51,648.9 1 0
github.com/cortexa-llc/ai-pack/internal/graphql/generated.go:651.3,651.70 1 0
github.com/cortexa-llc/ai-pack/internal/graphql/generated.go:653.28,654.45 1 0
github.com/cortexa-llc/ai-pack/internal/graphql/generated.go:654.45,655.9 1 0
github.com/cortexa-llc/ai-pack/internal/graphql/generated.go:658.3,658.64 1 0
github.com/cortexa-llc/ai-pack/internal/graphql/generated.go:659.35,660.52 1 0
github.com/cortexa-llc/ai-pack/internal/graphql/generated.go:660.52,661.9 1 0
github.com/cortexa-llc/ai-pack/internal/graphql/generated.go:664.3,664.71 1 0
github.com/cortexa-llc/ai-pack/internal/graphql/generated.go:666.31,667.48 1 0
github.com/cortexa-llc/ai-pack/internal/graphql/generated.go:667.48,668.9 1 0
github.com/cortexa-llc/ai-pack/internal/graphql/generated.go:671.3,671.67 1 0
github.com/cortexa-llc/ai-pack/internal/graphql/generated.go:672.29,673.46 1 0
github.com/cortexa-llc/ai-pack/internal/graphql/generated.go:673.46,674.9 1 0
github.com/cortexa-llc/ai-pack/internal/graphql/generated.go:677.3,677.65 1 0
github.com/cortexa-llc/ai-pack/internal/graphql/generated.go:678.29,679.46 1 0
github.com/cortexa-llc/ai-pack/internal/graphql/generated.go:679.46,680.9 1 0
github.com/cortexa-llc/ai-pack/internal/graphql/generated.go:683.3,683.65 1 0
github.com/cortexa-llc/ai-pack/internal/graphql/generated.go:684.30,685.47 1 0
github.com/cortexa-llc/ai-pack/internal/graphql/generated.go:685.47,686.9 1 0
github.com/cortexa-llc/ai-pack/internal/graphql/generated.go:689.3,689.66 1 0
github.com/cortexa-llc/ai-pack/internal/graphql/generated.go:691.29,692.46 1 0
github.com/cortexa-llc/ai-pack/internal/graphql/generated.go:692.46,693.9 1 0
github.com/cortexa-llc/ai-pack/internal/graphql/generated.go:696.3,696.65 1 0
github.com/cortexa-llc/ai-pack/internal/graphql/generated.go:697.24,698.41 1 0
github.com/cortexa-llc/ai-pack/internal/graphql/generated.go:698.41,699.9 1 0
github.com/cortexa-llc/ai-pack/internal/graphql/generated.go:702.3,702.60 1 0
github.com/cortexa-llc/ai-pack/internal/graphql/generated.go:703.26,704.43 1 0
github.com/cortexa-llc/ai-pack/internal/graphql/generated.go:704.43,705.9 1 0
github.com/cortexa-llc/ai-pack/internal/graphql/generated.go:708.3,708.62 1 0
github.com/cortexa-llc/ai-pack/internal/graphql/generated.go:709.28,710.45 1 0
github.com/cortexa-llc/ai-pack/internal/graphql/generated.go:710.45,711.9 1 0
github.com/cortexa-llc/ai-pack/internal/graphql/generated.go:714.3,714.64 1 0
github.com/cortexa-llc/ai-pack/internal/graphql/generated.go:716.26,717.43 1 0
github.com/cortexa-llc/ai-pack/internal/graphql/generated.go:717.43,718.9 1 0
github.com/cortexa-llc/ai-pack/internal/graphql/generated.go:721.3,721.62 1 0
github.com/cortexa-llc/ai-pack/internal/graphql/generated.go:722.35,723.52 1 0
github.com/cortexa-llc/ai-pack/internal/graphql/generated.go:723.52,724.9 1 0
github.com/cortexa-llc/ai-pack/internal/graphql/generated.go:727.3,727.71 1 0
github.com/cortexa-llc/ai-pack/internal/graphql/generated.go:728.38,729.55 1 0
github.com/cortexa-llc/ai-pack/internal/graphql/generated.go:729.55,730.9 1 0
github.com/cortexa-llc/ai-pack/internal/graphql/generated.go:733.3,733.74 1 0
github.com/cortexa-llc/ai-pack/internal/graphql/generated.go:734.22,735.39 1 0
github.com/cortexa-llc/ai-pack/internal/graphql/generated.go:735.39,736.9 1 0
github.com/cortexa-llc/ai-pack/internal/graphql/generated.go:739.3,739.58 1 0
github.com/cortexa-llc/ai-pack/internal/graphql/generated.go:740.29,741.46 1 0
github.com/cortexa-llc/ai-pack/internal/graphql/generated.go:741.46,742.9 1 0
github.com/cortexa-llc/ai-pack/internal/graphql/generated.go:745.3,745.65 1 0
github.com/cortexa-llc/ai-pack/internal/graphql/generated.go:746.35,747.52 1 0
github.com/cortexa-llc/ai-pack/internal/graphql/generated.go:747.52,748.9 1 0
github.com/cortexa-llc/ai-pack/internal/graphql/generated.go:751.3,751.71 1 0
github.com/cortexa-llc/ai-pack/internal/graphql/generated.go:752.30,753.47 1 0
github.com/cortexa-llc/ai-pack/internal/graphql/generated.go:753.47,754.9 1 0
github.com/cortexa-llc/ai-pack/internal/graphql/generated.go:757.3,757.66 1 0
github.com/cortexa-llc/ai-pack/internal/graphql/generated.go:758.32,759.49 1 0
github.com/cortexa-llc/ai-pack/internal/graphql/generated.go:759.49,760.9 1 0
github.com/cortexa-llc/ai-pack/internal/graphql/generated.go:763.3,763.68 1 0
github.com/cortexa-llc/ai-pack/internal/graphql/generated.go:764.27,765.44 1 0
github.com/cortexa-llc/ai-pack/internal/graphql/generated.go:765.44,766.9 1 0
github.com/cortexa-llc/ai-pack/internal/graphql/generated.go:769.3,769.63 1 0
github.com/cortexa-llc/ai-pack/internal/graphql/generated.go:770.29,771.46 1 0
github.com/cortexa-llc/ai-pack/internal/graphql/generated.go:771.46,772.9 1 0
github.com/cortexa-llc/ai-pack/internal/graphql/generated.go:775.3,775.65 1 0
github.com/cortexa-llc/ai-pack/internal/graphql/generated.go:776.32,777.49 1 0
github.com/cortexa-llc/ai-pack/internal/graphql/generated.go:777.49,778.9 1 0
github.com/cortexa-llc/ai-pack/internal/graphql/generated.go:781.3,781.68 1 0
github.com/cortexa-llc/ai-pack/internal/graphql/generated.go:782.29,783.46 1 0
github.com/cortexa-llc/ai-pack/internal/graphql/generated.go:783.46,784.9 1 0
github.com/cortexa-llc/ai-pack/internal/graphql/generated.go:787.3,787.65 1 0
github.com/cortexa-llc/ai-pack/internal/graphql/generated.go:788.30,789.47 1 0
github.com/cortexa-llc/ai-pack/internal/graphql/generated.go:789.47,790.9 1 0
github.com/cortexa-llc/ai-pack/internal/graphql/generated.go:793.3,793.66 1 0
github.com/cortexa-llc/ai-pack/internal/graphql/generated.go:794.28,795.45 1 0
github.com/cortexa-llc/ai-pack/internal/graphql/generated.go:795.45,796.9 1 0
github.com/cortexa-llc/ai-pack/internal/graphql/generated.go:799.3,799.64 1 0
github.com/cortexa-llc/ai-pack/internal/graphql/generated.go:800.29,801.46 1 0
github.com/cortexa-llc/ai-pack/internal/graphql/generated.go:801.46,802.9 1 0
github.com/cortexa-llc/ai-pack/internal/graphql/generated.go:805.3,805.65 1 0
github.com/cortexa-llc/ai-pack/internal/graphql/generated.go:807.30,808.47 1 0
github.com/cortexa-llc/ai-pack/internal/graphql/generated.go:808.47,809.9 1 0
github.com/cortexa-llc/ai-pack/internal/graphql/generated.go:812.3,813.17 2 0
github.com/cortexa-llc/ai-pack/internal/graphql/generated.go:813.17,815.4 1 0
github.com/cortexa-llc/ai-pack/internal/graphql/generated.go:817.3,817.91 1 0
github.com/cortexa-llc/ai-pack/internal/graphql/generated.go:818.28,819.45 1 0
github.com/cortexa-llc/ai-pack/internal/graphql/generated.go:819.45,820.9 1 0
github.com/cortexa-llc/ai-pack/internal/graphql/generated.go:823.3,824.17 2 0
github.com/cortexa-llc/ai-pack/internal/graphql/generated.go:824.17,826.4 1 0
github.com/cortexa-llc/ai-pack/internal/graphql/generated.go:828.3,828.89 1 0
github.com/cortexa-llc/ai-pack/internal/graphql/generated.go:829.29,830.46 1 0
github.com/cortexa-llc/ai-pack/internal/graphql/generated.go:830.46,831.9 1 0
github.com/cortexa-llc/ai-pack/internal/graphql/generated.go:834.3,835.17 2 0
github.com/cortexa-llc/ai-pack/internal/graphql/generated.go:835.17,837.4 1 0
github.com/cortexa-llc/ai-pack/internal/graphql/generated.go:839.3,839.90 1 0
github.com/cortexa-llc/ai-pack/internal/graphql/generated.go:840.28,841.45 1 0
github.com/cortexa-llc/ai-pack/internal/graphql/generated.go:841.45,842.9 1 0
github.com/cortexa-llc/ai-pack/internal/graphql/generated.go:845.3,846.17 2 0
github.com/cortexa-llc/ai-pack/internal/graphql/generated.go:846.17,848.4 1 0
github.com/cortexa-llc/ai-pack/internal/graphql/generated.go:850.3,850.89 1 0
github.com/cortexa-llc/ai-pack/internal/graphql/generated.go:851.29,852.46 1 0
github.com/cortexa-llc/ai-pack/internal/graphql/generated.go:852.46,853.9 1 0
github.com/cortexa-llc/ai-pack/internal/graphql/generated.go:856.3,857.17 2 0
github.com/cortexa-llc/ai-pack/internal/graphql/generated.go:857.17,859.4 1 0
github.com/cortexa-llc/ai-pack/internal/graphql/generated.go:861.3,861.142 1 0
github.com/cortexa-llc/ai-pack/internal/graphql/generated.go:862.35,863.52 1 0
github.com/cortexa-llc/ai-pack/internal/graphql/generated.go:863.52,864.9 1 0
github.com/cortexa-llc/ai-pack/internal/graphql/generated.go:867.3,868.17 2 0
github.com/cortexa-llc/ai-pack/internal/graphql/generated.go:868.17,870.4 1 0
github.com/cortexa-llc/ai-pack/internal/graphql/generated.go:872.3,872.121 1 0
github.com/cortexa-llc/ai-pack/internal/graphql/generated.go:874.28,875.45 1 0
github.com/cortexa-llc/ai-pack/internal/graphql/generated.go:875.45,876.9 1 0
github.com/cortexa-llc/ai-pack/internal/graphql/generated.go:879.3,879.64 1 0
github.com/cortexa-llc/ai-pack/internal/graphql/generated.go:881.47,882.64 1 0
github.com/cortexa-llc/ai-pack/internal/graphql/generated.go:882.64,883.9 1 0
github.com/cortexa-llc/ai-pack/internal/graphql/generated.go:886.3,886.83 1 0
github.com/cortexa-llc/ai-pack/internal/graphql/generated.go:887.40,888.57 1 0
github.com/cortexa-llc/ai-pack/internal/graphql/generated.go:888.57,889.9 1 0
github.com/cortexa-llc/ai-pack/internal/graphql/generated.go:892.3,892.76 1 0
github.com/cortexa-llc/ai-pack/internal/graphql/generated.go:893.42,894.59 1 0
github.com/cortexa-llc/ai-pack/internal/graphql/generated.go:894.59,895.9 1 0
github.com/cortexa-llc/ai-pack/internal/graphql/generated.go:898.3,898.78 1 0
github.com/cortexa-llc/ai-pack/internal/graphql/generated.go:899.41,900.58 1 0
github.com/cortexa-llc/ai-pack/internal/graphql/generated.go:900.58,901.9 1 0
github.com/cortexa-llc/ai-pack/internal/graphql/generated.go:904.3,904.77 1 0
github.com/cortexa-llc/ai-pack/internal/graphql/generated.go:905.42,906.59 1 0
github.com/cortexa-llc/ai-pack/internal/graphql/generated.go:906.59,907.9 1 0
github.com/cortexa-llc/ai-pack/internal/graphql/generated.go:910.3,910.78 1 0
github.com/cortexa-llc/ai-pack/internal/graphql/generated.go:911.35,912.52 1 0
github.com/cortexa-llc/ai-pack/internal/graphql/generated.go:912.52,913.9 1 0
github.com/cortexa-llc/ai-pack/internal/graphql/generated.go:916.3,916.71 1 0
github.com/cortexa-llc/ai-pack/internal/graphql/generated.go:917.36,918.53 1 0
github.com/cortexa-llc/ai-pack/internal/graphql/generated.go:918.53,919.9 1 0
github.com/cortexa-llc/ai-pack/internal/graphql/generated.go:922.3,922.72 1 0
github.com/cortexa-llc/ai-pack/internal/graphql/generated.go:923.32,924.49 1 0
github.com/cortexa-llc/ai-pack/internal/graphql/generated.go:924.49,925.9 1 0
[...]
github.com/cortexa-llc/ai-pack/internal/server/task_lifecycle.go:393.46,396.10 3 0
github.com/cortexa-llc/ai-pack/internal/server/task_lifecycle.go:398.4,398.28 1 0
github.com/cortexa-llc/ai-pack/internal/server/task_lifecycle.go:398.28,399.73 1 0
github.com/cortexa-llc/ai-pack/internal/server/task_lifecycle.go:399.73,402.11 3 0
github.com/cortexa-llc/ai-pack/internal/server/task_lifecycle.go:407.2,409.13 2 0
github.com/cortexa-llc/ai-pack/internal/server/task_lifecycle.go:409.13,411.3 1 0
github.com/cortexa-llc/ai-pack/internal/server/task_lifecycle.go:415.2,415.29 1 0
github.com/cortexa-llc/ai-pack/internal/server/task_lifecycle.go:415.29,421.17 4 0
github.com/cortexa-llc/ai-pack/internal/server/task_lifecycle.go:421.17,426.4 4 0
github.com/cortexa-llc/ai-pack/internal/server/task_lifecycle.go:428.3,428.13 1 0
github.com/cortexa-llc/ai-pack/internal/server/task_lifecycle.go:431.2,431.59 1 0
github.com/cortexa-llc/ai-pack/internal/server/task_lifecycle.go:437.85,448.106 8 0
github.com/cortexa-llc/ai-pack/internal/server/task_lifecycle.go:448.106,450.3 1 0
github.com/cortexa-llc/ai-pack/internal/server/task_lifecycle.go:452.2,459.27 4 0
github.com/cortexa-llc/ai-pack/internal/server/task_lifecycle.go:459.27,460.83 1 0
github.com/cortexa-llc/ai-pack/internal/server/task_lifecycle.go:460.83,462.4 1 0
github.com/cortexa-llc/ai-pack/internal/server/task_lifecycle.go:465.2,466.59 2 0
github.com/cortexa-llc/ai-pack/internal/server/task_lifecycle.go:469.112,470.27 1 0
github.com/cortexa-llc/ai-pack/internal/server/task_lifecycle.go:470.27,472.3 1 0
github.com/cortexa-llc/ai-pack/internal/server/task_lifecycle.go:474.2,482.9 2 0
github.com/cortexa-llc/ai-pack/internal/server/task_lifecycle.go:483.37,483.37 0 0
github.com/cortexa-llc/ai-pack/internal/server/task_lifecycle.go:484.10,484.10 0 0
github.com/cortexa-llc/ai-pack/internal/server/task_lifecycle.go:489.2,489.44 1 0
github.com/cortexa-llc/ai-pack/internal/server/task_lifecycle.go:493.101,499.50 3 0
github.com/cortexa-llc/ai-pack/internal/server/task_lifecycle.go:499.50,502.3 2 0
github.com/cortexa-llc/ai-pack/internal/server/task_lifecycle.go:505.2,506.16 2 0
github.com/cortexa-llc/ai-pack/internal/server/task_lifecycle.go:506.16,509.3 2 0
github.com/cortexa-llc/ai-pack/internal/server/task_lifecycle.go:512.2,513.16 2 0
github.com/cortexa-llc/ai-pack/internal/server/task_lifecycle.go:513.16,516.3 2 0
github.com/cortexa-llc/ai-pack/internal/server/task_lifecycle.go:517.2,520.55 2 0
github.com/cortexa-llc/ai-pack/internal/server/task_lifecycle.go:520.55,522.3 1 0
github.com/cortexa-llc/ai-pack/internal/server/task_lifecycle.go:525.61,529.26 3 0
github.com/cortexa-llc/ai-pack/internal/server/task_lifecycle.go:529.26,532.3 2 0
github.com/cortexa-llc/ai-pack/internal/server/task_metadata.go:17.94,19.2 1 0
github.com/cortexa-llc/ai-pack/internal/server/task_metadata.go:21.123,24.51 2 0
github.com/cortexa-llc/ai-pack/internal/server/task_metadata.go:24.51,26.3 1 0
github.com/cortexa-llc/ai-pack/internal/server/task_metadata.go:29.2,42.16 3 0
github.com/cortexa-llc/ai-pack/internal/server/task_metadata.go:42.16,44.3 1 0
github.com/cortexa-llc/ai-pack/internal/server/task_metadata.go:46.2,46.109 1 0
github.com/cortexa-llc/ai-pack/internal/server/task_metadata.go:46.109,48.3 1 0
github.com/cortexa-llc/ai-pack/internal/server/task_metadata.go:51.2,54.102 2 0
github.com/cortexa-llc/ai-pack/internal/server/task_metadata.go:54.102,56.3 1 0
github.com/cortexa-llc/ai-pack/internal/server/task_metadata.go:58.2,59.12 2 0
github.com/cortexa-llc/ai-pack/internal/server/task_metadata.go:63.104,65.2 1 0
github.com/cortexa-llc/ai-pack/internal/server/task_metadata.go:68.133,73.16 3 0
github.com/cortexa-llc/ai-pack/internal/server/task_metadata.go:73.16,75.3 1 0
github.com/cortexa-llc/ai-pack/internal/server/task_metadata.go:77.2,78.56 2 0
github.com/cortexa-llc/ai-pack/internal/server/task_metadata.go:78.56,80.3 1 0
github.com/cortexa-llc/ai-pack/internal/server/task_metadata.go:83.2,87.16 3 0
github.com/cortexa-llc/ai-pack/internal/server/task_metadata.go:87.16,89.3 1 0
github.com/cortexa-llc/ai-pack/internal/server/task_metadata.go:91.2,91.71 1 0
github.com/cortexa-llc/ai-pack/internal/server/task_metadata.go:91.71,93.3 1 0
github.com/cortexa-llc/ai-pack/internal/server/task_metadata.go:95.2,95.12 1 0
github.com/cortexa-llc/ai-pack/internal/server/task_metadata.go:98.99,105.29 4 1
github.com/cortexa-llc/ai-pack/internal/server/task_metadata.go:105.29,107.23 2 1
github.com/cortexa-llc/ai-pack/internal/server/task_metadata.go:107.23,110.4 2 1
github.com/cortexa-llc/ai-pack/internal/server/task_metadata.go:113.2,118.43 5 1
github.com/cortexa-llc/ai-pack/internal/server/task_metadata.go:118.43,123.17 3 1
github.com/cortexa-llc/ai-pack/internal/server/task_metadata.go:123.17,127.29 2 1
github.com/cortexa-llc/ai-pack/internal/server/task_metadata.go:127.29,130.5 2 0
github.com/cortexa-llc/ai-pack/internal/server/task_metadata.go:133.3,133.17 1 1
github.com/cortexa-llc/ai-pack/internal/server/task_metadata.go:133.17,135.9 2 0
github.com/cortexa-llc/ai-pack/internal/server/task_metadata.go:139.2,139.42 1 1
github.com/cortexa-llc/ai-pack/internal/server/task_metadata.go:139.42,141.3 1 1
github.com/cortexa-llc/ai-pack/internal/server/task_metadata.go:143.2,144.56 2 0
github.com/cortexa-llc/ai-pack/internal/server/task_metadata.go:144.56,146.3 1 0
github.com/cortexa-llc/ai-pack/internal/server/task_metadata.go:149.2,153.61 4 0
github.com/cortexa-llc/ai-pack/internal/server/task_metadata.go:153.61,155.3 1 0
github.com/cortexa-llc/ai-pack/internal/server/task_metadata.go:157.2,158.77 2 0
github.com/cortexa-llc/ai-pack/internal/server/task_metadata.go:158.77,160.3 1 0
github.com/cortexa-llc/ai-pack/internal/server/task_metadata.go:161.2,161.24 1 0
github.com/cortexa-llc/ai-pack/internal/server/task_metadata.go:161.24,165.22 2 0
github.com/cortexa-llc/ai-pack/internal/server/task_metadata.go:165.22,168.54 3 0
github.com/cortexa-llc/ai-pack/internal/server/task_metadata.go:168.54,170.5 1 0
github.com/cortexa-llc/ai-pack/internal/server/task_metadata.go:174.2,175.83 2 0
github.com/cortexa-llc/ai-pack/internal/server/task_metadata.go:175.83,177.3 1 0
github.com/cortexa-llc/ai-pack/internal/server/task_metadata.go:178.2,178.24 1 0
github.com/cortexa-llc/ai-pack/internal/server/task_metadata.go:178.24,180.3 1 0
github.com/cortexa-llc/ai-pack/internal/server/task_metadata.go:183.2,184.46 2 0
github.com/cortexa-llc/ai-pack/internal/server/task_metadata.go:184.46,186.3 1 0
github.com/cortexa-llc/ai-pack/internal/server/task_metadata.go:189.2,190.44 2 0
github.com/cortexa-llc/ai-pack/internal/server/task_metadata.go:190.44,192.3 1 0
github.com/cortexa-llc/ai-pack/internal/server/task_metadata.go:195.2,196.51 2 0
github.com/cortexa-llc/ai-pack/internal/server/task_metadata.go:196.51,198.3 1 0
github.com/cortexa-llc/ai-pack/internal/server/task_metadata.go:204.2,205.70 2 0
github.com/cortexa-llc/ai-pack/internal/server/task_metadata.go:205.70,207.3 1 0
github.com/cortexa-llc/ai-pack/internal/server/task_metadata.go:207.8,213.22 2 0
github.com/cortexa-llc/ai-pack/internal/server/task_metadata.go:213.22,217.54 3 0
github.com/cortexa-llc/ai-pack/internal/server/task_metadata.go:217.54,223.5 2 0
github.com/cortexa-llc/ai-pack/internal/server/task_metadata.go:227.2,227.23 1 0
github.com/cortexa-llc/ai-pack/internal/server/task_metadata.go:227.23,228.96 1 0
github.com/cortexa-llc/ai-pack/internal/server/task_metadata.go:228.96,232.84 2 0
github.com/cortexa-llc/ai-pack/internal/server/task_metadata.go:232.84,233.44 1 0
github.com/cortexa-llc/ai-pack/internal/server/task_metadata.go:233.44,248.85 7 0
github.com/cortexa-llc/ai-pack/internal/server/task_metadata.go:248.85,250.7 1 0
github.com/cortexa-llc/ai-pack/internal/server/task_metadata.go:253.6,253.80 1 0
github.com/cortexa-llc/ai-pack/internal/server/task_metadata.go:253.80,254.75 1 0
github.com/cortexa-llc/ai-pack/internal/server/task_metadata.go:254.75,260.8 3 0
github.com/cortexa-llc/ai-pack/internal/server/task_metadata.go:262.11,265.6 1 0
github.com/cortexa-llc/ai-pack/internal/server/task_metadata.go:270.2,281.52 2 0
github.com/cortexa-llc/ai-pack/internal/server/task_metadata.go:281.52,283.3 1 0
github.com/cortexa-llc/ai-pack/internal/server/task_metadata.go:285.2,285.22 1 0
github.com/cortexa-llc/ai-pack/internal/server/task_metadata.go:290.130,293.26 2 0
github.com/cortexa-llc/ai-pack/internal/server/task_metadata.go:293.26,295.65 2 0
github.com/cortexa-llc/ai-pack/internal/server/task_metadata.go:295.65,297.4 1 0
github.com/cortexa-llc/ai-pack/internal/server/task_metadata.go:303.2,304.28 2 0
github.com/cortexa-llc/ai-pack/internal/server/task_metadata.go:304.28,324.3 1 0
github.com/cortexa-llc/ai-pack/internal/server/task_metadata.go:324.8,338.27 2 0
github.com/cortexa-llc/ai-pack/internal/server/task_metadata.go:338.27,340.4 1 0
github.com/cortexa-llc/ai-pack/internal/server/task_metadata.go:343.2,354.15 2 0
github.com/cortexa-llc/ai-pack/internal/server/task_metadata.go:357.68,359.2 1 0
github.com/cortexa-llc/ai-pack/internal/server/task_metadata.go:361.98,363.18 2 0
github.com/cortexa-llc/ai-pack/internal/server/task_metadata.go:363.18,365.3 1 0
github.com/cortexa-llc/ai-pack/internal/server/task_metadata.go:366.2,366.45 1 0
github.com/cortexa-llc/ai-pack/internal/server/task_metadata.go:369.83,372.16 3 0
github.com/cortexa-llc/ai-pack/internal/server/task_metadata.go:372.16,374.3 1 0
github.com/cortexa-llc/ai-pack/internal/server/task_metadata.go:376.2,376.20 1 0
github.com/cortexa-llc/ai-pack/internal/server/task_metadata.go:376.20,378.50 1 0
github.com/cortexa-llc/ai-pack/internal/server/task_metadata.go:378.50,378.63 1 0
github.com/cortexa-llc/ai-pack/internal/server/task_metadata.go:381.2,381.26 1 0
github.com/cortexa-llc/ai-pack/internal/server/task_metadata.go:381.26,384.21 3 0
github.com/cortexa-llc/ai-pack/internal/server/task_metadata.go:384.21,385.55 1 0
github.com/cortexa-llc/ai-pack/internal/server/task_metadata.go:385.55,387.5 1 0
github.com/cortexa-llc/ai-pack/internal/server/task_metadata.go:388.4,388.41 1 0
github.com/cortexa-llc/ai-pack/internal/server/task_metadata.go:388.41,390.5 1 0
github.com/cortexa-llc/ai-pack/internal/server/task_metadata.go:392.3,392.83 1 0
github.com/cortexa-llc/ai-pack/internal/server/task_metadata.go:397.100,402.116 4 0
github.com/cortexa-llc/ai-pack/internal/server/task_metadata.go:402.116,405.3 2 0
github.com/cortexa-llc/ai-pack/internal/server/task_metadata.go:406.2,413.27 3 0
github.com/cortexa-llc/ai-pack/internal/server/task_metadata.go:413.27,414.69 1 0
github.com/cortexa-llc/ai-pack/internal/server/task_metadata.go:414.69,416.4 1 0
github.com/cortexa-llc/ai-pack/internal/server/task_metadata.go:419.2,419.12 1 0
github.com/cortexa-llc/ai-pack/internal/server/task_metadata.go:423.108,428.23 3 0
github.com/cortexa-llc/ai-pack/internal/server/task_metadata.go:428.23,434.3 5 0
github.com/cortexa-llc/ai-pack/internal/server/task_metadata.go:436.2,437.25 2 0
github.com/cortexa-llc/ai-pack/internal/server/task_metadata.go:441.107,445.31 3 0
github.com/cortexa-llc/ai-pack/internal/server/task_metadata.go:445.31,446.65 1 0
github.com/cortexa-llc/ai-pack/internal/server/task_metadata.go:446.65,450.29 2 0
github.com/cortexa-llc/ai-pack/internal/server/task_metadata.go:450.29,452.26 2 0
github.com/cortexa-llc/ai-pack/internal/server/task_metadata.go:452.26,454.6 1 0
github.com/cortexa-llc/ai-pack/internal/server/task_metadata.go:455.5,455.48 1 0
github.com/cortexa-llc/ai-pack/internal/server/task_metadata.go:457.4,457.66 1 0
github.com/cortexa-llc/ai-pack/internal/server/task_metadata.go:457.66,460.5 2 0
github.com/cortexa-llc/ai-pack/internal/server/task_metadata.go:460.10,462.5 1 0
github.com/cortexa-llc/ai-pack/internal/server/task_metadata.go:464.3,464.64 1 0
github.com/cortexa-llc/ai-pack/internal/server/task_metadata.go:464.64,467.4 2 0
github.com/cortexa-llc/ai-pack/internal/server/task_metadata.go:470.2,470.35 1 0
github.com/cortexa-llc/ai-pack/internal/server/task_metadata.go:474.144,480.71 5 0
github.com/cortexa-llc/ai-pack/internal/server/task_metadata.go:480.71,482.3 1 0
github.com/cortexa-llc/ai-pack/internal/server/task_metadata.go:482.8,484.3 1 0
github.com/cortexa-llc/ai-pack/internal/server/task_metadata.go:486.2,486.15 1 0
github.com/cortexa-llc/ai-pack/internal/server/task_metadata.go:492.103,499.16 4 0
github.com/cortexa-llc/ai-pack/internal/server/task_metadata.go:499.16,501.3 1 0
github.com/cortexa-llc/ai-pack/internal/server/task_metadata.go:504.2,505.56 2 0
github.com/cortexa-llc/ai-pack/internal/server/task_metadata.go:505.56,507.3 1 0
github.com/cortexa-llc/ai-pack/internal/server/task_metadata.go:510.2,510.67 1 0
github.com/cortexa-llc/ai-pack/internal/server/task_metadata.go:510.67,513.15 3 0
github.com/cortexa-llc/ai-pack/internal/server/task_metadata.go:513.15,515.4 1 0
github.com/cortexa-llc/ai-pack/internal/server/task_metadata.go:517.2,519.14 3 0
github.com/cortexa-llc/ai-pack/internal/server/task_metadata.go:519.14,521.3 1 0
github.com/cortexa-llc/ai-pack/internal/server/task_metadata.go:522.2,526.16 3 0
github.com/cortexa-llc/ai-pack/internal/server/task_metadata.go:526.16,528.3 1 0
github.com/cortexa-llc/ai-pack/internal/server/task_metadata.go:530.2,530.71 1 0
github.com/cortexa-llc/ai-pack/internal/server/task_metadata.go:530.71,532.3 1 0
github.com/cortexa-llc/ai-pack/internal/server/task_metadata.go:534.2,540.12 2 0
github.com/cortexa-llc/ai-pack/internal/server/test_helpers.go:17.13,19.2 1 1
github.com/cortexa-llc/ai-pack/internal/server/test_helpers.go:22.40,27.52 3 1
github.com/cortexa-llc/ai-pack/internal/server/test_helpers.go:27.52,29.3 1 0
github.com/cortexa-llc/ai-pack/internal/server/test_helpers.go:32.2,33.52 2 1
github.com/cortexa-llc/ai-pack/internal/server/test_helpers.go:33.52,35.3 1 0
github.com/cortexa-llc/ai-pack/internal/server/test_helpers.go:38.2,39.52 2 1
github.com/cortexa-llc/ai-pack/internal/server/test_helpers.go:39.52,41.3 1 0
github.com/cortexa-llc/ai-pack/internal/server/test_helpers.go:44.2,66.80 3 1
github.com/cortexa-llc/ai-pack/internal/server/test_helpers.go:66.80,68.3 1 0
github.com/cortexa-llc/ai-pack/internal/server/test_helpers.go:71.2,73.74 3 1
github.com/cortexa-llc/ai-pack/internal/server/test_helpers.go:73.74,75.3 1 0
github.com/cortexa-llc/ai-pack/internal/server/test_helpers.go:77.2,77.15 1 1
github.com/cortexa-llc/ai-pack/internal/server/test_helpers.go:81.44,90.16 4 1
github.com/cortexa-llc/ai-pack/internal/server/test_helpers.go:90.16,91.33 1 1
github.com/cortexa-llc/ai-pack/internal/server/test_helpers.go:91.33,92.19 1 1
github.com/cortexa-llc/ai-pack/internal/server/test_helpers.go:92.19,94.5 1 1
github.com/cortexa-llc/ai-pack/internal/server/tool_dispatch.go:15.77,17.36 2 0
github.com/cortexa-llc/ai-pack/internal/server/tool_dispatch.go:17.36,19.22 2 0
github.com/cortexa-llc/ai-pack/internal/server/tool_dispatch.go:19.22,21.4 1 0
github.com/cortexa-llc/ai-pack/internal/server/tool_dispatch.go:22.3,22.11 1 0
github.com/cortexa-llc/ai-pack/internal/server/tool_dispatch.go:24.2,24.35 1 0
github.com/cortexa-llc/ai-pack/internal/server/tool_dispatch.go:25.14,26.47 1 0
github.com/cortexa-llc/ai-pack/internal/server/tool_dispatch.go:26.47,28.4 1 0
github.com/cortexa-llc/ai-pack/internal/server/tool_dispatch.go:29.14,30.47 1 0
github.com/cortexa-llc/ai-pack/internal/server/tool_dispatch.go:30.47,32.4 1 0
github.com/cortexa-llc/ai-pack/internal/server/tool_dispatch.go:33.15,34.47 1 0
github.com/cortexa-llc/ai-pack/internal/server/tool_dispatch.go:34.47,36.4 1 0
github.com/cortexa-llc/ai-pack/internal/server/tool_dispatch.go:37.27,38.47 1 0
github.com/cortexa-llc/ai-pack/internal/server/tool_dispatch.go:38.47,40.4 1 0
github.com/cortexa-llc/ai-pack/internal/server/tool_dispatch.go:41.14,42.47 1 0
github.com/cortexa-llc/ai-pack/internal/server/tool_dispatch.go:42.47,43.48 1 0
github.com/cortexa-llc/ai-pack/internal/server/tool_dispatch.go:43.48,45.5 1 0
github.com/cortexa-llc/ai-pack/internal/server/tool_dispatch.go:46.4,46.24 1 0
github.com/cortexa-llc/ai-pack/internal/server/tool_dispatch.go:48.14,49.47 1 0
github.com/cortexa-llc/ai-pack/internal/server/tool_dispatch.go:49.47,51.4 1 0
github.com/cortexa-llc/ai-pack/internal/server/tool_dispatch.go:52.22,53.45 1 0
github.com/cortexa-llc/ai-pack/internal/server/tool_dispatch.go:53.45,55.4 1 0
github.com/cortexa-llc/ai-pack/internal/server/tool_dispatch.go:57.2,57.11 1 0
github.com/cortexa-llc/ai-pack/internal/server/tool_dispatch.go:63.142,65.25 1 0
github.com/cortexa-llc/ai-pack/internal/server/tool_dispatch.go:65.25,67.40 2 0
github.com/cortexa-llc/ai-pack/internal/server/tool_dispatch.go:67.40,68.37 1 0
github.com/cortexa-llc/ai-pack/internal/server/tool_dispatch.go:68.37,69.30 1 0
github.com/cortexa-llc/ai-pack/internal/server/tool_dispatch.go:69.30,72.20 2 0
github.com/cortexa-llc/ai-pack/internal/server/tool_dispatch.go:72.20,74.7 1 0
github.com/cortexa-llc/ai-pack/internal/server/tool_dispatch.go:77.6,78.43 2 0
github.com/cortexa-llc/ai-pack/internal/server/tool_dispatch.go:78.43,79.31 1 0
github.com/cortexa-llc/ai-pack/internal/server/tool_dispatch.go:79.31,81.8 1 0
github.com/cortexa-llc/ai-pack/internal/server/tool_dispatch.go:84.6,84.37 1 0
github.com/cortexa-llc/ai-pack/internal/server/tool_dispatch.go:91.2,91.77 1 0
github.com/cortexa-llc/ai-pack/internal/server/tool_dispatch.go:97.86,100.37 2 1
github.com/cortexa-llc/ai-pack/internal/server/tool_dispatch.go:100.37,102.56 1 1
github.com/cortexa-llc/ai-pack/internal/server/tool_dispatch.go:102.56,103.12 1 1
github.com/cortexa-llc/ai-pack/internal/server/tool_dispatch.go:107.3,107.57 1 1
github.com/cortexa-llc/ai-pack/internal/server/tool_dispatch.go:107.57,109.4 1 1
github.com/cortexa-llc/ai-pack/internal/server/tool_dispatch.go:109.9,111.4 1 1
github.com/cortexa-llc/ai-pack/internal/server/tool_dispatch.go:114.2,114.16 1 1
github.com/cortexa-llc/ai-pack/internal/server/tool_dispatch.go:119.54,124.25 2 0
github.com/cortexa-llc/ai-pack/internal/server/tool_dispatch.go:124.25,127.49 2 0
github.com/cortexa-llc/ai-pack/internal/server/tool_dispatch.go:127.49,128.37 1 0
github.com/cortexa-llc/ai-pack/internal/server/tool_dispatch.go:128.37,137.81 3 0
github.com/cortexa-llc/ai-pack/internal/server/tool_dispatch.go:137.81,141.69 2 0
github.com/cortexa-llc/ai-pack/internal/server/tool_dispatch.go:141.69,142.29 1 0
github.com/cortexa-llc/ai-pack/internal/server/tool_dispatch.go:142.29,143.38 1 0
github.com/cortexa-llc/ai-pack/internal/server/tool_dispatch.go:143.38,145.9 1 0
github.com/cortexa-llc/ai-pack/internal/server/tool_dispatch.go:148.11,152.47 2 0
github.com/cortexa-llc/ai-pack/internal/server/tool_dispatch.go:152.47,154.98 1 0
github.com/cortexa-llc/ai-pack/internal/server/tool_dispatch.go:154.98,156.8 1 0
github.com/cortexa-llc/ai-pack/internal/server/tool_dispatch.go:160.6,160.69 1 0
github.com/cortexa-llc/ai-pack/internal/server/tool_dispatch.go:160.69,161.29 1 0
github.com/cortexa-llc/ai-pack/internal/server/tool_dispatch.go:161.29,162.38 1 0
github.com/cortexa-llc/ai-pack/internal/server/tool_dispatch.go:162.38,164.9 1 0
github.com/cortexa-llc/ai-pack/internal/server/tool_dispatch.go:170.5,173.87 2 0
github.com/cortexa-llc/ai-pack/internal/server/tool_dispatch.go:173.87,177.6 1 0
github.com/cortexa-llc/ai-pack/internal/server/tool_dispatch.go:180.5,184.26 2 0
github.com/cortexa-llc/ai-pack/internal/server/tool_dispatch.go:184.26,186.6 1 0
github.com/cortexa-llc/ai-pack/internal/server/tool_dispatch.go:188.5,195.81 2 0
github.com/cortexa-llc/ai-pack/internal/server/tool_dispatch.go:195.81,199.6 1 0
github.com/cortexa-llc/ai-pack/internal/server/tool_dispatch.go:201.5,205.24 2 0
github.com/cortexa-llc/ai-pack/internal/server/tool_dispatch.go:211.2,211.23 1 0
github.com/cortexa-llc/ai-pack/internal/server/tool_dispatch.go:211.23,212.91 1 0
github.com/cortexa-llc/ai-pack/internal/server/tool_dispatch.go:212.91,216.4 1 0
github.com/cortexa-llc/ai-pack/internal/server/tool_dispatch.go:218.2,220.17 2 0
